Release 14.7 Map P.20131013 (lin64)
Xilinx Mapping Report File for Design 'top'

Design Information
------------------
Command Line   : map -intstyle ise -p xc6slx9-ftg256-2 -w -logic_opt off -ol
high -t 1 -xt 0 -register_duplication off -r 4 -global_opt off -mt off -ir off
-pr off -lc off -power off -o top_map.ncd top.ngd top.pcf 
Target Device  : xc6slx9
Target Package : ftg256
Target Speed   : -2
Mapper Version : spartan6 -- $Revision: 1.55 $
Mapped Date    : Mon Mar 16 08:00:36 2026

Design Summary
--------------
Number of errors:      0
Number of warnings:   15
Slice Logic Utilization:
  Number of Slice Registers:                 3,898 out of  11,440   34%
    Number used as Flip Flops:               3,897
    Number used as Latches:                      1
    Number used as Latch-thrus:                  0
    Number used as AND/OR logics:                0
  Number of Slice LUTs:                      2,853 out of   5,720   49%
    Number used as logic:                    2,292 out of   5,720   40%
      Number using O6 output only:           1,364
      Number using O5 output only:             348
      Number using O5 and O6:                  580
      Number used as ROM:                        0
    Number used as Memory:                      89 out of   1,440    6%
      Number used as Dual Port RAM:              0
      Number used as Single Port RAM:            0
      Number used as Shift Register:            89
        Number using O6 output only:            80
        Number using O5 output only:             1
        Number using O5 and O6:                  8
    Number used exclusively as route-thrus:    472
      Number with same-slice register load:    436
      Number with same-slice carry load:        36
      Number with other load:                    0

Slice Logic Distribution:
  Number of occupied Slices:                 1,353 out of   1,430   94%
  Number of MUXCYs used:                       580 out of   2,860   20%
  Number of LUT Flip Flop pairs used:        4,040
    Number with an unused Flip Flop:           797 out of   4,040   19%
    Number with an unused LUT:               1,187 out of   4,040   29%
    Number of fully used LUT-FF pairs:       2,056 out of   4,040   50%
    Number of unique control sets:             247
    Number of slice register sites lost
      to control set restrictions:             893 out of  11,440    7%

  A LUT Flip Flop pair for this architecture represents one LUT paired with
  one Flip Flop within a slice.  A control set is a unique combination of
  clock, reset, set, and enable signals for a registered element.
  The Slice Logic Distribution report is not meaningful if the design is
  over-mapped for a non-slice resource or if Placement fails.

IO Utilization:
  Number of bonded IOBs:                        90 out of     186   48%
    Number of LOCed IOBs:                       87 out of      90   96%
    IOB Flip Flops:                              2
    IOB Master Pads:                             1
    IOB Slave Pads:                              1

Specific Feature Utilization:
  Number of RAMB16BWERs:                         2 out of      32    6%
  Number of RAMB8BWERs:                         31 out of      64   48%
  Number of BUFIO2/BUFIO2_2CLKs:                 0 out of      32    0%
  Number of BUFIO2FB/BUFIO2FB_2CLKs:             0 out of      32    0%
  Number of BUFG/BUFGMUXs:                       6 out of      16   37%
    Number used as BUFGs:                        6
    Number used as BUFGMUX:                      0
  Number of DCM/DCM_CLKGENs:                     0 out of       4    0%
  Number of ILOGIC2/ISERDES2s:                   1 out of     200    1%
    Number used as ILOGIC2s:                     1
    Number used as ISERDES2s:                    0
  Number of IODELAY2/IODRP2/IODRP2_MCBs:         0 out of     200    0%
  Number of OLOGIC2/OSERDES2s:                   1 out of     200    1%
    Number used as OLOGIC2s:                     1
    Number used as OSERDES2s:                    0
  Number of BSCANs:                              1 out of       4   25%
  Number of BUFHs:                               0 out of     128    0%
  Number of BUFPLLs:                             0 out of       8    0%
  Number of BUFPLL_MCBs:                         0 out of       4    0%
  Number of DSP48A1s:                            1 out of      16    6%
  Number of ICAPs:                               0 out of       1    0%
  Number of MCBs:                                0 out of       2    0%
  Number of PCILOGICSEs:                         0 out of       2    0%
  Number of PLL_ADVs:                            1 out of       2   50%
  Number of PMVs:                                0 out of       1    0%
  Number of STARTUPs:                            0 out of       1    0%
  Number of SUSPEND_SYNCs:                       0 out of       1    0%

Average Fanout of Non-Clock Nets:                2.86

Peak Memory Usage:  811 MB
Total REAL time to MAP completion:  16 secs 
Total CPU time to MAP completion:   15 secs 

Table of Contents
-----------------
Section 1 - Errors
Section 2 - Warnings
Section 3 - Informational
Section 4 - Removed Logic Summary
Section 5 - Removed Logic
Section 6 - IOB Properties
Section 7 - RPMs
Section 8 - Guide Report
Section 9 - Area Group and Partition Summary
Section 10 - Timing Report
Section 11 - Configuration String Information
Section 12 - Control Set Information
Section 13 - Utilization by Hierarchy

Section 1 - Errors
------------------

Section 2 - Warnings
--------------------
WARNING:Security:42 - Your software subscription period has lapsed. Your current
version of Xilinx tools will continue to function, but you no longer qualify for
Xilinx software updates or new releases.
WARNING:Timing:3223 - Timing constraint PATH "TS_TIG1_path" TIG ignored during timing analysis.
WARNING:Timing:3223 - Timing constraint PATH "TS_TIG2_path" TIG ignored during timing analysis.
WARNING:Timing:3223 - Timing constraint PATH "TS_TIG3_path" TIG ignored during timing analysis.
WARNING:Timing:3223 - Timing constraint PATH "TS_TIG5_path" TIG ignored during timing analysis.
WARNING:Timing:3223 - Timing constraint PATH "TS_TIG6_path" TIG ignored during timing analysis.
WARNING:Timing:3223 - Timing constraint PATH "TS_TIG8_path" TIG ignored during timing analysis.
WARNING:Timing:3223 - Timing constraint PATH "TS_TIG9_path" TIG ignored during timing analysis.
WARNING:Timing:3223 - Timing constraint PATH "TS_TIG10_path" TIG ignored during timing analysis.
WARNING:Timing:3223 - Timing constraint PATH "TS_TIG12_path" TIG ignored during timing analysis.
WARNING:Place:1137 - This design is not guaranteed to be routable! This design
   contains a global buffer instance, <TDC_datapack/BUFG_clk62M5>, driving the
   net, <TDC_datapack/clk_62M5>, that is driving the following (first 30)
   non-clock load pins.
   < PIN: DATA_VALID_INV_85_o1.A5; >
   This is not a recommended design practice in Spartan-6 due to limitations in
   the global routing that may cause excessive delay, skew or unroutable
   situations.  It is recommended to only use a BUFG resource to drive clock
   loads. Please pay extra attention to the timing and routing of this path to
   ensure the design goals are met. This is normally an ERROR but the
   CLOCK_DEDICATED_ROUTE constraint was applied on COMP.PIN
   <TDC_datapack/BUFG_clk62M5.O> allowing your design to continue. This
   constraint disables all clock placer rules related to the specified COMP.PIN.
WARNING:PhysDesignRules:372 - Gated clock. Clock net DATA_VALID is sourced by a
   combinatorial pin. This is not good design practice. Use the CE pin to
   control the loading of data into the flip-flop.
WARNING:PhysDesignRules:372 - Gated clock. Clock net DATA_VALID_INV_85_o is
   sourced by a combinatorial pin. This is not good design practice. Use the CE
   pin to control the loading of data into the flip-flop.
WARNING:PhysDesignRules:372 - Gated clock. Clock net TDC_datapack/CONTROL0<13>
   is sourced by a combinatorial pin. This is not good design practice. Use the
   CE pin to control the loading of data into the flip-flop.
WARNING:PhysDesignRules:781 - PULLDOWN on an active net. PULLDOWN of comp
   calout_PULLDOWN is set but the tri state is not configured. 
WARNING:PhysDesignRules:2410 - This design is using one or more 9K Block RAMs
   (RAMB8BWER).  9K Block RAM initialization data, both user defined and
   default, may be incorrect and should not be used.  For more information,
   please reference Xilinx Answer Record 39999.

Section 3 - Informational
-------------------------
INFO:Security:54 - 'xc6slx9' is a WebPack part.
INFO:LIT:243 - Logical network TDC_datapack/CONTROL0<7> has no load.
INFO:LIT:395 - The above info message is repeated 35 more times for the
   following (max. 5 shown):
   TDC_datapack/CONTROL0<10>,
   TDC_datapack/CONTROL0<11>,
   TDC_datapack/CONTROL0<15>,
   TDC_datapack/CONTROL0<16>,
   TDC_datapack/CONTROL0<17>
   To see the details of these info messages, please use the -detail switch.
INFO:MapLib:562 - No environment variables are currently set.
INFO:MapLib:841 - Changing COMPENSATION attribute from SYSTEM_SYNCHRONOUS to
   INTERNAL for PLL_ADV TDC_datapack/PLL_BASE_1/PLL_ADV.
INFO:LIT:244 - All of the single ended outputs in this design are using slew
   rate limited output drivers. The delay on speed critical single ended outputs
   can be dramatically reduced by designating them as fast outputs.
INFO:Pack:1716 - Initializing temperature to 85.000 Celsius. (default - Range:
   0.000 to 85.000 Celsius)
INFO:Pack:1720 - Initializing voltage to 1.140 Volts. (default - Range: 1.140 to
   1.260 Volts)
INFO:Map:215 - The Interim Design Summary has been generated in the MAP Report
   (.mrp).
INFO:Pack:1650 - Map created a placed design.

Section 4 - Removed Logic Summary
---------------------------------
  67 block(s) removed
  56 block(s) optimized away
  51 signal(s) removed

Section 5 - Removed Logic
-------------------------

The trimmed logic report below shows the logic removed from your design due to
sourceless or loadless signals, and VCC or ground connections.  If the removal
of a signal or symbol results in the subsequent removal of an additional signal
or symbol, the message explaining that second removal will be indented.  This
indentation will be repeated as a chain of related logic is removed.

To quickly locate the original cause for the removal of a chain of logic, look
above the place where that logic is listed in the trimming report, then locate
the lines that are least indented (begin at the leftmost edge).

Loadless block "TDC_datapack/BUFG_clk_125M" (CKBUF) removed.
 The signal "TDC_datapack/clk_125M_pll" is loadless and has been removed.
Loadless block
"TDC_datapack/icon_0_inst/U0/U_ICON/U_CMD/U_CORE_ID_SEL/I4.FI[10].U_LUT" (ROM)
removed.
Loadless block
"TDC_datapack/icon_0_inst/U0/U_ICON/U_CMD/U_CORE_ID_SEL/I4.FI[11].U_LUT" (ROM)
removed.
Loadless block
"TDC_datapack/icon_0_inst/U0/U_ICON/U_CMD/U_CORE_ID_SEL/I4.FI[12].U_LUT" (ROM)
removed.
Loadless block
"TDC_datapack/icon_0_inst/U0/U_ICON/U_CMD/U_CORE_ID_SEL/I4.FI[13].U_LUT" (ROM)
removed.
Loadless block
"TDC_datapack/icon_0_inst/U0/U_ICON/U_CMD/U_CORE_ID_SEL/I4.FI[14].U_LUT" (ROM)
removed.
Loadless block
"TDC_datapack/icon_0_inst/U0/U_ICON/U_CMD/U_CORE_ID_SEL/I4.FI[1].U_LUT" (ROM)
removed.
Loadless block
"TDC_datapack/icon_0_inst/U0/U_ICON/U_CMD/U_CORE_ID_SEL/I4.FI[2].U_LUT" (ROM)
removed.
Loadless block
"TDC_datapack/icon_0_inst/U0/U_ICON/U_CMD/U_CORE_ID_SEL/I4.FI[3].U_LUT" (ROM)
removed.
Loadless block
"TDC_datapack/icon_0_inst/U0/U_ICON/U_CMD/U_CORE_ID_SEL/I4.FI[4].U_LUT" (ROM)
removed.
Loadless block
"TDC_datapack/icon_0_inst/U0/U_ICON/U_CMD/U_CORE_ID_SEL/I4.FI[5].U_LUT" (ROM)
removed.
Loadless block
"TDC_datapack/icon_0_inst/U0/U_ICON/U_CMD/U_CORE_ID_SEL/I4.FI[6].U_LUT" (ROM)
removed.
Loadless block
"TDC_datapack/icon_0_inst/U0/U_ICON/U_CMD/U_CORE_ID_SEL/I4.FI[7].U_LUT" (ROM)
removed.
Loadless block
"TDC_datapack/icon_0_inst/U0/U_ICON/U_CMD/U_CORE_ID_SEL/I4.FI[8].U_LUT" (ROM)
removed.
Loadless block
"TDC_datapack/icon_0_inst/U0/U_ICON/U_CMD/U_CORE_ID_SEL/I4.FI[9].U_LUT" (ROM)
removed.
Loadless block "TDC_datapack/ila_0_inst/U0/I_NO_D.U_ILA/U_STAT/U_DSR" (ROM)
removed.
Loadless block
"TDC_datapack/ila_0_inst/U0/I_NO_D.U_ILA/U_TRIG/U_TC/I_STORAGE_QUAL.U_CAP_B"
(ROM) removed.
The signal "TDC_datapack/CONTROL0<7>" is sourceless and has been removed.
The signal "TDC_datapack/CONTROL0<10>" is sourceless and has been removed.
The signal "TDC_datapack/CONTROL0<11>" is sourceless and has been removed.
The signal "TDC_datapack/CONTROL0<15>" is sourceless and has been removed.
The signal "TDC_datapack/CONTROL0<16>" is sourceless and has been removed.
The signal "TDC_datapack/CONTROL0<17>" is sourceless and has been removed.
The signal "TDC_datapack/CONTROL0<18>" is sourceless and has been removed.
The signal "TDC_datapack/CONTROL0<19>" is sourceless and has been removed.
The signal "TDC_datapack/CONTROL0<29>" is sourceless and has been removed.
The signal "TDC_datapack/CONTROL0<30>" is sourceless and has been removed.
The signal "TDC_datapack/CONTROL0<31>" is sourceless and has been removed.
The signal "TDC_datapack/CONTROL0<32>" is sourceless and has been removed.
The signal "TDC_datapack/CONTROL0<33>" is sourceless and has been removed.
The signal "TDC_datapack/CONTROL0<34>" is sourceless and has been removed.
The signal "TDC_datapack/CONTROL0<35>" is sourceless and has been removed.
The signal "TDC_datapack/icon_0_inst/U0/U_ICON/iCOMMAND_SEL<15>" is sourceless
and has been removed.
 Sourceless block
"TDC_datapack/icon_0_inst/U0/U_ICON/U_CTRL_OUT/F_NCP[0].F_CMD[15].U_HCE" (ROM)
removed.
 Sourceless block
"TDC_datapack/icon_0_inst/U0/U_ICON/U_CTRL_OUT/F_NCP[0].F_CMD[15].U_LCE" (ROM)
removed.
The signal "TDC_datapack/icon_0_inst/U0/U_ICON/iCOMMAND_SEL<14>" is sourceless
and has been removed.
 Sourceless block
"TDC_datapack/icon_0_inst/U0/U_ICON/U_CTRL_OUT/F_NCP[0].F_CMD[14].U_HCE" (ROM)
removed.
 Sourceless block
"TDC_datapack/icon_0_inst/U0/U_ICON/U_CTRL_OUT/F_NCP[0].F_CMD[14].U_LCE" (ROM)
removed.
The signal "TDC_datapack/icon_0_inst/U0/U_ICON/iCOMMAND_SEL<13>" is sourceless
and has been removed.
 Sourceless block
"TDC_datapack/icon_0_inst/U0/U_ICON/U_CTRL_OUT/F_NCP[0].F_CMD[13].U_HCE" (ROM)
removed.
 Sourceless block
"TDC_datapack/icon_0_inst/U0/U_ICON/U_CTRL_OUT/F_NCP[0].F_CMD[13].U_LCE" (ROM)
removed.
The signal "TDC_datapack/icon_0_inst/U0/U_ICON/iCOMMAND_SEL<12>" is sourceless
and has been removed.
 Sourceless block
"TDC_datapack/icon_0_inst/U0/U_ICON/U_CTRL_OUT/F_NCP[0].F_CMD[12].U_HCE" (ROM)
removed.
 Sourceless block
"TDC_datapack/icon_0_inst/U0/U_ICON/U_CTRL_OUT/F_NCP[0].F_CMD[12].U_LCE" (ROM)
removed.
The signal "TDC_datapack/icon_0_inst/U0/U_ICON/iCOMMAND_SEL<11>" is sourceless
and has been removed.
 Sourceless block
"TDC_datapack/icon_0_inst/U0/U_ICON/U_CTRL_OUT/F_NCP[0].F_CMD[11].U_HCE" (ROM)
removed.
 Sourceless block
"TDC_datapack/icon_0_inst/U0/U_ICON/U_CTRL_OUT/F_NCP[0].F_CMD[11].U_LCE" (ROM)
removed.
The signal
"TDC_datapack/PAD[0].PTDC/timestamp_fifo/U0/xst_fifo_generator/gconvfifo.rf/grf.
rf/gntv_or_sync_fifo.gl0.wr/gwss.wsts/ram_full_i" is sourceless and has been
removed.
The signal
"TDC_datapack/PAD[0].PTDC/timestamp_fifo/U0/xst_fifo_generator/gconvfifo.rf/grf.
rf/gntv_or_sync_fifo.gl0.rd/grhf.rhf/ram_valid_d1" is sourceless and has been
removed.
The signal
"TDC_datapack/PAD[0].PTDC/timestamp_fifo/U0/xst_fifo_generator/gconvfifo.rf/grf.
rf/gntv_or_sync_fifo.gl0.rd/grhf.rhf/ram_valid_i" is sourceless and has been
removed.
 Sourceless block
"TDC_datapack/PAD[0].PTDC/timestamp_fifo/U0/xst_fifo_generator/gconvfifo.rf/grf.
rf/gntv_or_sync_fifo.gl0.rd/grhf.rhf/ram_valid_d1" (FF) removed.
The signal
"TDC_datapack/PAD[1].PTDC/timestamp_fifo/U0/xst_fifo_generator/gconvfifo.rf/grf.
rf/gntv_or_sync_fifo.gl0.wr/gwss.wsts/ram_full_i" is sourceless and has been
removed.
The signal
"TDC_datapack/PAD[1].PTDC/timestamp_fifo/U0/xst_fifo_generator/gconvfifo.rf/grf.
rf/gntv_or_sync_fifo.gl0.rd/grhf.rhf/ram_valid_d1" is sourceless and has been
removed.
The signal
"TDC_datapack/PAD[1].PTDC/timestamp_fifo/U0/xst_fifo_generator/gconvfifo.rf/grf.
rf/gntv_or_sync_fifo.gl0.rd/grhf.rhf/ram_valid_i" is sourceless and has been
removed.
 Sourceless block
"TDC_datapack/PAD[1].PTDC/timestamp_fifo/U0/xst_fifo_generator/gconvfifo.rf/grf.
rf/gntv_or_sync_fifo.gl0.rd/grhf.rhf/ram_valid_d1" (FF) removed.
The signal
"TDC_datapack/PAD[2].PTDC/timestamp_fifo/U0/xst_fifo_generator/gconvfifo.rf/grf.
rf/gntv_or_sync_fifo.gl0.wr/gwss.wsts/ram_full_i" is sourceless and has been
removed.
The signal
"TDC_datapack/PAD[2].PTDC/timestamp_fifo/U0/xst_fifo_generator/gconvfifo.rf/grf.
rf/gntv_or_sync_fifo.gl0.rd/grhf.rhf/ram_valid_d1" is sourceless and has been
removed.
The signal
"TDC_datapack/PAD[2].PTDC/timestamp_fifo/U0/xst_fifo_generator/gconvfifo.rf/grf.
rf/gntv_or_sync_fifo.gl0.rd/grhf.rhf/ram_valid_i" is sourceless and has been
removed.
 Sourceless block
"TDC_datapack/PAD[2].PTDC/timestamp_fifo/U0/xst_fifo_generator/gconvfifo.rf/grf.
rf/gntv_or_sync_fifo.gl0.rd/grhf.rhf/ram_valid_d1" (FF) removed.
The signal
"TDC_datapack/PAD[3].PTDC/timestamp_fifo/U0/xst_fifo_generator/gconvfifo.rf/grf.
rf/gntv_or_sync_fifo.gl0.wr/gwss.wsts/ram_full_i" is sourceless and has been
removed.
The signal
"TDC_datapack/PAD[3].PTDC/timestamp_fifo/U0/xst_fifo_generator/gconvfifo.rf/grf.
rf/gntv_or_sync_fifo.gl0.rd/grhf.rhf/ram_valid_d1" is sourceless and has been
removed.
The signal
"TDC_datapack/PAD[3].PTDC/timestamp_fifo/U0/xst_fifo_generator/gconvfifo.rf/grf.
rf/gntv_or_sync_fifo.gl0.rd/grhf.rhf/ram_valid_i" is sourceless and has been
removed.
 Sourceless block
"TDC_datapack/PAD[3].PTDC/timestamp_fifo/U0/xst_fifo_generator/gconvfifo.rf/grf.
rf/gntv_or_sync_fifo.gl0.rd/grhf.rhf/ram_valid_d1" (FF) removed.
The signal
"TDC_datapack/PAD[4].PTDC/timestamp_fifo/U0/xst_fifo_generator/gconvfifo.rf/grf.
rf/gntv_or_sync_fifo.gl0.wr/gwss.wsts/ram_full_i" is sourceless and has been
removed.
The signal
"TDC_datapack/PAD[4].PTDC/timestamp_fifo/U0/xst_fifo_generator/gconvfifo.rf/grf.
rf/gntv_or_sync_fifo.gl0.rd/grhf.rhf/ram_valid_d1" is sourceless and has been
removed.
The signal
"TDC_datapack/PAD[4].PTDC/timestamp_fifo/U0/xst_fifo_generator/gconvfifo.rf/grf.
rf/gntv_or_sync_fifo.gl0.rd/grhf.rhf/ram_valid_i" is sourceless and has been
removed.
 Sourceless block
"TDC_datapack/PAD[4].PTDC/timestamp_fifo/U0/xst_fifo_generator/gconvfifo.rf/grf.
rf/gntv_or_sync_fifo.gl0.rd/grhf.rhf/ram_valid_d1" (FF) removed.
The signal
"TDC_datapack/PAD[5].PTDC/timestamp_fifo/U0/xst_fifo_generator/gconvfifo.rf/grf.
rf/gntv_or_sync_fifo.gl0.wr/gwss.wsts/ram_full_i" is sourceless and has been
removed.
The signal
"TDC_datapack/PAD[5].PTDC/timestamp_fifo/U0/xst_fifo_generator/gconvfifo.rf/grf.
rf/gntv_or_sync_fifo.gl0.rd/grhf.rhf/ram_valid_d1" is sourceless and has been
removed.
The signal
"TDC_datapack/PAD[5].PTDC/timestamp_fifo/U0/xst_fifo_generator/gconvfifo.rf/grf.
rf/gntv_or_sync_fifo.gl0.rd/grhf.rhf/ram_valid_i" is sourceless and has been
removed.
 Sourceless block
"TDC_datapack/PAD[5].PTDC/timestamp_fifo/U0/xst_fifo_generator/gconvfifo.rf/grf.
rf/gntv_or_sync_fifo.gl0.rd/grhf.rhf/ram_valid_d1" (FF) removed.
The signal
"TDC_datapack/PAD[6].PTDC/timestamp_fifo/U0/xst_fifo_generator/gconvfifo.rf/grf.
rf/gntv_or_sync_fifo.gl0.wr/gwss.wsts/ram_full_i" is sourceless and has been
removed.
The signal
"TDC_datapack/PAD[6].PTDC/timestamp_fifo/U0/xst_fifo_generator/gconvfifo.rf/grf.
rf/gntv_or_sync_fifo.gl0.rd/grhf.rhf/ram_valid_d1" is sourceless and has been
removed.
The signal
"TDC_datapack/PAD[6].PTDC/timestamp_fifo/U0/xst_fifo_generator/gconvfifo.rf/grf.
rf/gntv_or_sync_fifo.gl0.rd/grhf.rhf/ram_valid_i" is sourceless and has been
removed.
 Sourceless block
"TDC_datapack/PAD[6].PTDC/timestamp_fifo/U0/xst_fifo_generator/gconvfifo.rf/grf.
rf/gntv_or_sync_fifo.gl0.rd/grhf.rhf/ram_valid_d1" (FF) removed.
The signal
"TDC_datapack/PAD[7].PTDC/timestamp_fifo/U0/xst_fifo_generator/gconvfifo.rf/grf.
rf/gntv_or_sync_fifo.gl0.wr/gwss.wsts/ram_full_i" is sourceless and has been
removed.
The signal
"TDC_datapack/PAD[7].PTDC/timestamp_fifo/U0/xst_fifo_generator/gconvfifo.rf/grf.
rf/gntv_or_sync_fifo.gl0.rd/grhf.rhf/ram_valid_d1" is sourceless and has been
removed.
The signal
"TDC_datapack/PAD[7].PTDC/timestamp_fifo/U0/xst_fifo_generator/gconvfifo.rf/grf.
rf/gntv_or_sync_fifo.gl0.rd/grhf.rhf/ram_valid_i" is sourceless and has been
removed.
 Sourceless block
"TDC_datapack/PAD[7].PTDC/timestamp_fifo/U0/xst_fifo_generator/gconvfifo.rf/grf.
rf/gntv_or_sync_fifo.gl0.rd/grhf.rhf/ram_valid_d1" (FF) removed.
The signal
"TDC_datapack/PAD[8].PTDC/timestamp_fifo/U0/xst_fifo_generator/gconvfifo.rf/grf.
rf/gntv_or_sync_fifo.gl0.wr/gwss.wsts/ram_full_i" is sourceless and has been
removed.
The signal
"TDC_datapack/PAD[8].PTDC/timestamp_fifo/U0/xst_fifo_generator/gconvfifo.rf/grf.
rf/gntv_or_sync_fifo.gl0.rd/grhf.rhf/ram_valid_d1" is sourceless and has been
removed.
The signal
"TDC_datapack/PAD[8].PTDC/timestamp_fifo/U0/xst_fifo_generator/gconvfifo.rf/grf.
rf/gntv_or_sync_fifo.gl0.rd/grhf.rhf/ram_valid_i" is sourceless and has been
removed.
 Sourceless block
"TDC_datapack/PAD[8].PTDC/timestamp_fifo/U0/xst_fifo_generator/gconvfifo.rf/grf.
rf/gntv_or_sync_fifo.gl0.rd/grhf.rhf/ram_valid_d1" (FF) removed.
The signal
"TDC_datapack/PAD[9].PTDC/timestamp_fifo/U0/xst_fifo_generator/gconvfifo.rf/grf.
rf/gntv_or_sync_fifo.gl0.wr/gwss.wsts/ram_full_i" is sourceless and has been
removed.
The signal
"TDC_datapack/PAD[9].PTDC/timestamp_fifo/U0/xst_fifo_generator/gconvfifo.rf/grf.
rf/gntv_or_sync_fifo.gl0.rd/grhf.rhf/ram_valid_d1" is sourceless and has been
removed.
The signal
"TDC_datapack/PAD[9].PTDC/timestamp_fifo/U0/xst_fifo_generator/gconvfifo.rf/grf.
rf/gntv_or_sync_fifo.gl0.rd/grhf.rhf/ram_valid_i" is sourceless and has been
removed.
 Sourceless block
"TDC_datapack/PAD[9].PTDC/timestamp_fifo/U0/xst_fifo_generator/gconvfifo.rf/grf.
rf/gntv_or_sync_fifo.gl0.rd/grhf.rhf/ram_valid_d1" (FF) removed.
Unused block
"TDC_datapack/PAD[0].PTDC/timestamp_fifo/U0/xst_fifo_generator/gconvfifo.rf/grf.
rf/gntv_or_sync_fifo.gl0.rd/grhf.rhf/ram_valid_i1" (ROM) removed.
Unused block
"TDC_datapack/PAD[0].PTDC/timestamp_fifo/U0/xst_fifo_generator/gconvfifo.rf/grf.
rf/gntv_or_sync_fifo.gl0.wr/gwss.wsts/ram_full_i" (FF) removed.
Unused block
"TDC_datapack/PAD[1].PTDC/timestamp_fifo/U0/xst_fifo_generator/gconvfifo.rf/grf.
rf/gntv_or_sync_fifo.gl0.rd/grhf.rhf/ram_valid_i1" (ROM) removed.
Unused block
"TDC_datapack/PAD[1].PTDC/timestamp_fifo/U0/xst_fifo_generator/gconvfifo.rf/grf.
rf/gntv_or_sync_fifo.gl0.wr/gwss.wsts/ram_full_i" (FF) removed.
Unused block
"TDC_datapack/PAD[2].PTDC/timestamp_fifo/U0/xst_fifo_generator/gconvfifo.rf/grf.
rf/gntv_or_sync_fifo.gl0.rd/grhf.rhf/ram_valid_i1" (ROM) removed.
Unused block
"TDC_datapack/PAD[2].PTDC/timestamp_fifo/U0/xst_fifo_generator/gconvfifo.rf/grf.
rf/gntv_or_sync_fifo.gl0.wr/gwss.wsts/ram_full_i" (FF) removed.
Unused block
"TDC_datapack/PAD[3].PTDC/timestamp_fifo/U0/xst_fifo_generator/gconvfifo.rf/grf.
rf/gntv_or_sync_fifo.gl0.rd/grhf.rhf/ram_valid_i1" (ROM) removed.
Unused block
"TDC_datapack/PAD[3].PTDC/timestamp_fifo/U0/xst_fifo_generator/gconvfifo.rf/grf.
rf/gntv_or_sync_fifo.gl0.wr/gwss.wsts/ram_full_i" (FF) removed.
Unused block
"TDC_datapack/PAD[4].PTDC/timestamp_fifo/U0/xst_fifo_generator/gconvfifo.rf/grf.
rf/gntv_or_sync_fifo.gl0.rd/grhf.rhf/ram_valid_i1" (ROM) removed.
Unused block
"TDC_datapack/PAD[4].PTDC/timestamp_fifo/U0/xst_fifo_generator/gconvfifo.rf/grf.
rf/gntv_or_sync_fifo.gl0.wr/gwss.wsts/ram_full_i" (FF) removed.
Unused block
"TDC_datapack/PAD[5].PTDC/timestamp_fifo/U0/xst_fifo_generator/gconvfifo.rf/grf.
rf/gntv_or_sync_fifo.gl0.rd/grhf.rhf/ram_valid_i1" (ROM) removed.
Unused block
"TDC_datapack/PAD[5].PTDC/timestamp_fifo/U0/xst_fifo_generator/gconvfifo.rf/grf.
rf/gntv_or_sync_fifo.gl0.wr/gwss.wsts/ram_full_i" (FF) removed.
Unused block
"TDC_datapack/PAD[6].PTDC/timestamp_fifo/U0/xst_fifo_generator/gconvfifo.rf/grf.
rf/gntv_or_sync_fifo.gl0.rd/grhf.rhf/ram_valid_i1" (ROM) removed.
Unused block
"TDC_datapack/PAD[6].PTDC/timestamp_fifo/U0/xst_fifo_generator/gconvfifo.rf/grf.
rf/gntv_or_sync_fifo.gl0.wr/gwss.wsts/ram_full_i" (FF) removed.
Unused block
"TDC_datapack/PAD[7].PTDC/timestamp_fifo/U0/xst_fifo_generator/gconvfifo.rf/grf.
rf/gntv_or_sync_fifo.gl0.rd/grhf.rhf/ram_valid_i1" (ROM) removed.
Unused block
"TDC_datapack/PAD[7].PTDC/timestamp_fifo/U0/xst_fifo_generator/gconvfifo.rf/grf.
rf/gntv_or_sync_fifo.gl0.wr/gwss.wsts/ram_full_i" (FF) removed.
Unused block
"TDC_datapack/PAD[8].PTDC/timestamp_fifo/U0/xst_fifo_generator/gconvfifo.rf/grf.
rf/gntv_or_sync_fifo.gl0.rd/grhf.rhf/ram_valid_i1" (ROM) removed.
Unused block
"TDC_datapack/PAD[8].PTDC/timestamp_fifo/U0/xst_fifo_generator/gconvfifo.rf/grf.
rf/gntv_or_sync_fifo.gl0.wr/gwss.wsts/ram_full_i" (FF) removed.
Unused block
"TDC_datapack/PAD[9].PTDC/timestamp_fifo/U0/xst_fifo_generator/gconvfifo.rf/grf.
rf/gntv_or_sync_fifo.gl0.rd/grhf.rhf/ram_valid_i1" (ROM) removed.
Unused block
"TDC_datapack/PAD[9].PTDC/timestamp_fifo/U0/xst_fifo_generator/gconvfifo.rf/grf.
rf/gntv_or_sync_fifo.gl0.wr/gwss.wsts/ram_full_i" (FF) removed.
Unused block
"TDC_datapack/icon_0_inst/U0/U_ICON/U_CMD/U_COMMAND_SEL/I4.FI[11].U_LUT" (ROM)
removed.
Unused block
"TDC_datapack/icon_0_inst/U0/U_ICON/U_CMD/U_COMMAND_SEL/I4.FI[12].U_LUT" (ROM)
removed.
Unused block
"TDC_datapack/icon_0_inst/U0/U_ICON/U_CMD/U_COMMAND_SEL/I4.FI[13].U_LUT" (ROM)
removed.
Unused block
"TDC_datapack/icon_0_inst/U0/U_ICON/U_CMD/U_COMMAND_SEL/I4.FI[14].U_LUT" (ROM)
removed.
Unused block
"TDC_datapack/icon_0_inst/U0/U_ICON/U_CMD/U_COMMAND_SEL/I4.FI[15].U_LUT" (ROM)
removed.
Unused block
"TDC_datapack/icon_0_inst/U0/U_ICON/U_CTRL_OUT/F_NCP[0].F_CMD[10].U_HCE" (ROM)
removed.
Unused block
"TDC_datapack/icon_0_inst/U0/U_ICON/U_CTRL_OUT/F_NCP[0].F_CMD[3].U_LCE" (ROM)
removed.
Unused block
"TDC_datapack/icon_0_inst/U0/U_ICON/U_CTRL_OUT/F_NCP[0].F_CMD[6].U_LCE" (ROM)
removed.
Unused block
"TDC_datapack/icon_0_inst/U0/U_ICON/U_CTRL_OUT/F_NCP[0].F_CMD[7].U_LCE" (ROM)
removed.
Unused block
"TDC_datapack/icon_0_inst/U0/U_ICON/U_CTRL_OUT/F_NCP[0].F_CMD[9].U_HCE" (ROM)
removed.

Optimized Block(s):
TYPE 		BLOCK
VCC 		TDC_datapack/CTC/blk00000001/blk00000002
GND 		TDC_datapack/CTC/blk00000001/blk00000003
GND
		TDC_datapack/PAD[0].PTDC/timestamp_fifo/U0/xst_fifo_generator/gconvfifo.rf/grf
.rf/gntv_or_sync_fifo.mem/gbm.gbmg.gbmga.ngecc.bmg/gnativebmg.native_blk_mem_gen
/valid.cstr/XST_GND
GND 		TDC_datapack/PAD[0].PTDC/timestamp_fifo/XST_GND
GND
		TDC_datapack/PAD[1].PTDC/timestamp_fifo/U0/xst_fifo_generator/gconvfifo.rf/grf
.rf/gntv_or_sync_fifo.mem/gbm.gbmg.gbmga.ngecc.bmg/gnativebmg.native_blk_mem_gen
/valid.cstr/XST_GND
GND 		TDC_datapack/PAD[1].PTDC/timestamp_fifo/XST_GND
GND
		TDC_datapack/PAD[2].PTDC/timestamp_fifo/U0/xst_fifo_generator/gconvfifo.rf/grf
.rf/gntv_or_sync_fifo.mem/gbm.gbmg.gbmga.ngecc.bmg/gnativebmg.native_blk_mem_gen
/valid.cstr/XST_GND
GND 		TDC_datapack/PAD[2].PTDC/timestamp_fifo/XST_GND
GND
		TDC_datapack/PAD[3].PTDC/timestamp_fifo/U0/xst_fifo_generator/gconvfifo.rf/grf
.rf/gntv_or_sync_fifo.mem/gbm.gbmg.gbmga.ngecc.bmg/gnativebmg.native_blk_mem_gen
/valid.cstr/XST_GND
GND 		TDC_datapack/PAD[3].PTDC/timestamp_fifo/XST_GND
GND
		TDC_datapack/PAD[4].PTDC/timestamp_fifo/U0/xst_fifo_generator/gconvfifo.rf/grf
.rf/gntv_or_sync_fifo.mem/gbm.gbmg.gbmga.ngecc.bmg/gnativebmg.native_blk_mem_gen
/valid.cstr/XST_GND
GND 		TDC_datapack/PAD[4].PTDC/timestamp_fifo/XST_GND
GND
		TDC_datapack/PAD[5].PTDC/timestamp_fifo/U0/xst_fifo_generator/gconvfifo.rf/grf
.rf/gntv_or_sync_fifo.mem/gbm.gbmg.gbmga.ngecc.bmg/gnativebmg.native_blk_mem_gen
/valid.cstr/XST_GND
GND 		TDC_datapack/PAD[5].PTDC/timestamp_fifo/XST_GND
GND
		TDC_datapack/PAD[6].PTDC/timestamp_fifo/U0/xst_fifo_generator/gconvfifo.rf/grf
.rf/gntv_or_sync_fifo.mem/gbm.gbmg.gbmga.ngecc.bmg/gnativebmg.native_blk_mem_gen
/valid.cstr/XST_GND
GND 		TDC_datapack/PAD[6].PTDC/timestamp_fifo/XST_GND
GND
		TDC_datapack/PAD[7].PTDC/timestamp_fifo/U0/xst_fifo_generator/gconvfifo.rf/grf
.rf/gntv_or_sync_fifo.mem/gbm.gbmg.gbmga.ngecc.bmg/gnativebmg.native_blk_mem_gen
/valid.cstr/XST_GND
GND 		TDC_datapack/PAD[7].PTDC/timestamp_fifo/XST_GND
GND
		TDC_datapack/PAD[8].PTDC/timestamp_fifo/U0/xst_fifo_generator/gconvfifo.rf/grf
.rf/gntv_or_sync_fifo.mem/gbm.gbmg.gbmga.ngecc.bmg/gnativebmg.native_blk_mem_gen
/valid.cstr/XST_GND
GND 		TDC_datapack/PAD[8].PTDC/timestamp_fifo/XST_GND
GND
		TDC_datapack/PAD[9].PTDC/timestamp_fifo/U0/xst_fifo_generator/gconvfifo.rf/grf
.rf/gntv_or_sync_fifo.mem/gbm.gbmg.gbmga.ngecc.bmg/gnativebmg.native_blk_mem_gen
/valid.cstr/XST_GND
GND 		TDC_datapack/PAD[9].PTDC/timestamp_fifo/XST_GND
GND 		TDC_datapack/icon_0_inst/XST_GND
VCC 		TDC_datapack/icon_0_inst/XST_VCC
LUT4 		TDC_datapack/ila_0_inst/U0/I_NO_D.U_ILA/U_STAT/F_SSTAT[10].I_STAT.U_STAT
   optimized to 0
LUT4 		TDC_datapack/ila_0_inst/U0/I_NO_D.U_ILA/U_STAT/F_SSTAT[18].I_STAT.U_STAT
   optimized to 0
LUT4 		TDC_datapack/ila_0_inst/U0/I_NO_D.U_ILA/U_STAT/F_SSTAT[20].I_STAT.U_STAT
   optimized to 0
LUT4 		TDC_datapack/ila_0_inst/U0/I_NO_D.U_ILA/U_STAT/F_SSTAT[24].I_STAT.U_STAT
   optimized to 0
LUT4 		TDC_datapack/ila_0_inst/U0/I_NO_D.U_ILA/U_STAT/F_SSTAT[26].I_STAT.U_STAT
   optimized to 0
LUT3
		TDC_datapack/ila_0_inst/U0/I_NO_D.U_ILA/U_STAT/U_MUX/U_CS_MUX/I1.U_MUX2/Mmux_O
116
   optimized to 0
LUT5
		TDC_datapack/ila_0_inst/U0/I_NO_D.U_ILA/U_STAT/U_MUX/U_CS_MUX/I1.U_MUX2/Mmux_O
118
   optimized to 0
GND 		TDC_datapack/ila_0_inst/XST_GND
VCC 		TDC_datapack/ila_0_inst/XST_VCC
GND 		XST_GND
VCC 		XST_VCC

To enable printing of redundant blocks removed and signals merged, set the
detailed map report option and rerun map.

Section 6 - IOB Properties
--------------------------

+---------------------------------------------------------------------------------------------------------------------------------------------------------+
| IOB Name                           | Type             | Direction | IO Standard          | Diff  | Drive    | Slew | Reg (s)      | Resistor | IOB      |
|                                    |                  |           |                      | Term  | Strength | Rate |              |          | Delay    |
+---------------------------------------------------------------------------------------------------------------------------------------------------------+
| CLK_IN_N                           | IOB              | INPUT     | LVDS_33              | TRUE  |          |      |              |          |          |
| CLK_IN_P                           | IOB              | INPUT     | LVDS_33              | TRUE  |          |      |              |          |          |
| DATA_OUT_N                         | IOBS             | OUTPUT    | LVDS_33              |       |          |      |              |          |          |
| DATA_OUT_P                         | IOBM             | OUTPUT    | LVDS_33              |       |          |      |              |          |          |
| FB_OUT_N                           | IOB              | INPUT     | LVCMOS33             |       |          |      | IFF          |          |          |
| FB_OUT_P                           | IOB              | OUTPUT    | LVCMOS33             |       | 16       | SLOW |              |          |          |
| P10S<1>                            | IOB              | INPUT     | LVCMOS12             |       |          |      |              |          |          |
| P10S<2>                            | IOB              | INPUT     | LVCMOS12             |       |          |      |              |          |          |
| P10S<3>                            | IOB              | INPUT     | LVCMOS12             |       |          |      |              |          |          |
| P10S<4>                            | IOB              | INPUT     | LVCMOS12             |       |          |      |              |          |          |
| P10S<5>                            | IOB              | INPUT     | LVCMOS12             |       |          |      |              |          |          |
| P10S<6>                            | IOB              | INPUT     | LVCMOS12             |       |          |      |              |          |          |
| P10S<7>                            | IOB              | INPUT     | LVCMOS12             |       |          |      |              |          |          |
| P10S<8>                            | IOB              | INPUT     | LVCMOS12             |       |          |      |              |          |          |
| P1S<1>                             | IOB              | INPUT     | LVCMOS12             |       |          |      |              |          |          |
| P1S<2>                             | IOB              | INPUT     | LVCMOS12             |       |          |      |              |          |          |
| P1S<3>                             | IOB              | INPUT     | LVCMOS12             |       |          |      |              |          |          |
| P1S<4>                             | IOB              | INPUT     | LVCMOS12             |       |          |      |              |          |          |
| P1S<5>                             | IOB              | INPUT     | LVCMOS12             |       |          |      |              |          |          |
| P1S<6>                             | IOB              | INPUT     | LVCMOS12             |       |          |      |              |          |          |
| P1S<7>                             | IOB              | INPUT     | LVCMOS12             |       |          |      |              |          |          |
| P1S<8>                             | IOB              | INPUT     | LVCMOS12             |       |          |      |              |          |          |
| P2S<1>                             | IOB              | INPUT     | LVCMOS12             |       |          |      |              |          |          |
| P2S<2>                             | IOB              | INPUT     | LVCMOS12             |       |          |      |              |          |          |
| P2S<3>                             | IOB              | INPUT     | LVCMOS12             |       |          |      |              |          |          |
| P2S<4>                             | IOB              | INPUT     | LVCMOS12             |       |          |      |              |          |          |
| P2S<5>                             | IOB              | INPUT     | LVCMOS12             |       |          |      |              |          |          |
| P2S<6>                             | IOB              | INPUT     | LVCMOS12             |       |          |      |              |          |          |
| P2S<7>                             | IOB              | INPUT     | LVCMOS12             |       |          |      |              |          |          |
| P2S<8>                             | IOB              | INPUT     | LVCMOS12             |       |          |      |              |          |          |
| P3S<1>                             | IOB              | INPUT     | LVCMOS12             |       |          |      |              |          |          |
| P3S<2>                             | IOB              | INPUT     | LVCMOS12             |       |          |      |              |          |          |
| P3S<3>                             | IOB              | INPUT     | LVCMOS12             |       |          |      |              |          |          |
| P3S<4>                             | IOB              | INPUT     | LVCMOS12             |       |          |      |              |          |          |
| P3S<5>                             | IOB              | INPUT     | LVCMOS12             |       |          |      |              |          |          |
| P3S<6>                             | IOB              | INPUT     | LVCMOS12             |       |          |      |              |          |          |
| P3S<7>                             | IOB              | INPUT     | LVCMOS12             |       |          |      |              |          |          |
| P3S<8>                             | IOB              | INPUT     | LVCMOS12             |       |          |      |              |          |          |
| P4S<1>                             | IOB              | INPUT     | LVCMOS12             |       |          |      |              |          |          |
| P4S<2>                             | IOB              | INPUT     | LVCMOS12             |       |          |      |              |          |          |
| P4S<3>                             | IOB              | INPUT     | LVCMOS12             |       |          |      |              |          |          |
| P4S<4>                             | IOB              | INPUT     | LVCMOS12             |       |          |      |              |          |          |
| P4S<5>                             | IOB              | INPUT     | LVCMOS12             |       |          |      |              |          |          |
| P4S<6>                             | IOB              | INPUT     | LVCMOS12             |       |          |      |              |          |          |
| P4S<7>                             | IOB              | INPUT     | LVCMOS12             |       |          |      |              |          |          |
| P4S<8>                             | IOB              | INPUT     | LVCMOS12             |       |          |      |              |          |          |
| P5S<1>                             | IOB              | INPUT     | LVCMOS12             |       |          |      |              |          |          |
| P5S<2>                             | IOB              | INPUT     | LVCMOS12             |       |          |      |              |          |          |
| P5S<3>                             | IOB              | INPUT     | LVCMOS12             |       |          |      |              |          |          |
| P5S<4>                             | IOB              | INPUT     | LVCMOS12             |       |          |      |              |          |          |
| P5S<5>                             | IOB              | INPUT     | LVCMOS12             |       |          |      |              |          |          |
| P5S<6>                             | IOB              | INPUT     | LVCMOS12             |       |          |      |              |          |          |
| P5S<7>                             | IOB              | INPUT     | LVCMOS12             |       |          |      |              |          |          |
| P5S<8>                             | IOB              | INPUT     | LVCMOS12             |       |          |      |              |          |          |
| P6S<1>                             | IOB              | INPUT     | LVCMOS12             |       |          |      |              |          |          |
| P6S<2>                             | IOB              | INPUT     | LVCMOS12             |       |          |      |              |          |          |
| P6S<3>                             | IOB              | INPUT     | LVCMOS12             |       |          |      |              |          |          |
| P6S<4>                             | IOB              | INPUT     | LVCMOS12             |       |          |      |              |          |          |
| P6S<5>                             | IOB              | INPUT     | LVCMOS12             |       |          |      |              |          |          |
| P6S<6>                             | IOB              | INPUT     | LVCMOS12             |       |          |      |              |          |          |
| P6S<7>                             | IOB              | INPUT     | LVCMOS12             |       |          |      |              |          |          |
| P6S<8>                             | IOB              | INPUT     | LVCMOS12             |       |          |      |              |          |          |
| P7S<1>                             | IOB              | INPUT     | LVCMOS12             |       |          |      |              |          |          |
| P7S<2>                             | IOB              | INPUT     | LVCMOS12             |       |          |      |              |          |          |
| P7S<3>                             | IOB              | INPUT     | LVCMOS12             |       |          |      |              |          |          |
| P7S<4>                             | IOB              | INPUT     | LVCMOS12             |       |          |      |              |          |          |
| P7S<5>                             | IOB              | INPUT     | LVCMOS12             |       |          |      |              |          |          |
| P7S<6>                             | IOB              | INPUT     | LVCMOS12             |       |          |      |              |          |          |
| P7S<7>                             | IOB              | INPUT     | LVCMOS12             |       |          |      |              |          |          |
| P7S<8>                             | IOB              | INPUT     | LVCMOS12             |       |          |      |              |          |          |
| P8S<1>                             | IOB              | INPUT     | LVCMOS12             |       |          |      |              |          |          |
| P8S<2>                             | IOB              | INPUT     | LVCMOS12             |       |          |      |              |          |          |
| P8S<3>                             | IOB              | INPUT     | LVCMOS12             |       |          |      |              |          |          |
| P8S<4>                             | IOB              | INPUT     | LVCMOS12             |       |          |      |              |          |          |
| P8S<5>                             | IOB              | INPUT     | LVCMOS12             |       |          |      |              |          |          |
| P8S<6>                             | IOB              | INPUT     | LVCMOS12             |       |          |      |              |          |          |
| P8S<7>                             | IOB              | INPUT     | LVCMOS12             |       |          |      |              |          |          |
| P8S<8>                             | IOB              | INPUT     | LVCMOS12             |       |          |      |              |          |          |
| P9S<1>                             | IOB              | INPUT     | LVCMOS12             |       |          |      |              |          |          |
| P9S<2>                             | IOB              | INPUT     | LVCMOS12             |       |          |      |              |          |          |
| P9S<3>                             | IOB              | INPUT     | LVCMOS12             |       |          |      |              |          |          |
| P9S<4>                             | IOB              | INPUT     | LVCMOS12             |       |          |      |              |          |          |
| P9S<5>                             | IOB              | INPUT     | LVCMOS12             |       |          |      |              |          |          |
| P9S<6>                             | IOB              | INPUT     | LVCMOS12             |       |          |      |              |          |          |
| P9S<7>                             | IOB              | INPUT     | LVCMOS12             |       |          |      |              |          |          |
| P9S<8>                             | IOB              | INPUT     | LVCMOS12             |       |          |      |              |          |          |
| RESET_IN_N                         | IOB              | INPUT     | LVDS_33              | TRUE  |          |      |              |          |          |
| RESET_IN_P                         | IOB              | INPUT     | LVDS_33              | TRUE  |          |      |              |          |          |
| calin                              | IOB              | INPUT     | LVCMOS12             |       |          |      |              | PULLDOWN |          |
| calout                             | IOB              | OUTPUT    | LVCMOS12             |       | 6        | SLOW | ODDR         | PULLDOWN |          |
+---------------------------------------------------------------------------------------------------------------------------------------------------------+

Section 7 - RPMs
----------------

Section 8 - Guide Report
------------------------
Guide not run on this design.

Section 9 - Area Group and Partition Summary
--------------------------------------------

Partition Implementation Status
-------------------------------

  No Partitions were found in this design.

-------------------------------

Area Group Information
----------------------

  No area groups were found in this design.

----------------------

Section 10 - Timing Report
--------------------------
A logic-level (pre-route) timing report can be generated by using Xilinx static
timing analysis tools, Timing Analyzer (GUI) or TRCE (command line), with the
mapped NCD and PCF files. Please note that this timing report will be generated
using estimated delay information. For accurate numbers, please generate a
timing report with the post Place and Route NCD file.

For more information about the Timing Analyzer, consult the Xilinx Timing
Analyzer Reference Manual; for more information about TRCE, consult the Xilinx
Command Line Tools User Guide "TRACE" chapter.

Section 11 - Configuration String Details
-----------------------------------------
Use the "-detail" map option to print out Configuration Strings

Section 12 - Control Set Information
------------------------------------
Use the "-detail" map option to print out Control Set Information.

Section 13 - Utilization by Hierarchy
-------------------------------------
Use the "-detail" map option to print out the Utilization by Hierarchy section.
