--------------------------------------------------------------------------------
Release 14.7 Trace  (lin64)
Copyright (c) 1995-2013 Xilinx, Inc.  All rights reserved.

/opt/Xilinx/14.7/ISE_DS/ISE/bin/lin64/unwrapped/trce -intstyle ise -v 3 -s 2 -n
3 -fastpaths -xml top.twx top.ncd -o top.twr top.pcf -ucf top.ucf

Design file:              top.ncd
Physical constraint file: top.pcf
Device,package,speed:     xc6slx9,ftg256,C,-2 (PRODUCTION 1.23 2013-10-13)
Report level:             verbose report

Environment Variable      Effect 
--------------------      ------ 
NONE                      No environment variables were set
--------------------------------------------------------------------------------

INFO:Timing:3412 - To improve timing, see the Timing Closure User Guide (UG612).
INFO:Timing:2752 - To get complete path coverage, use the unconstrained paths 
   option. All paths that are not constrained will be reported in the 
   unconstrained paths section(s) of the report.
INFO:Timing:3339 - The clock-to-out numbers in this timing report are based on 
   a 50 Ohm transmission line loading model.  For the details of this model, 
   and for more information on accounting for different loading conditions, 
   please see the device datasheet.

================================================================================
Timing constraint: TS_WR_CLK_IN_P = PERIOD TIMEGRP "WR_CLK_IN_P" 62.5 MHz HIGH 
50%;
For more information, see Period Analysis in the Timing Closure User Guide (UG612).

 0 paths analyzed, 0 endpoints analyzed, 0 failing endpoints
 0 timing errors detected. (0 component switching limit errors)
 Minimum period is   5.000ns.
--------------------------------------------------------------------------------

Component Switching Limit Checks: TS_WR_CLK_IN_P = PERIOD TIMEGRP "WR_CLK_IN_P" 62.5 MHz HIGH 50%;
--------------------------------------------------------------------------------
Slack: 1.334ns (period - min period limit)
  Period: 4.000ns
  Min period limit: 2.666ns (375.094MHz) (Tpllper_CLKOUT(Foutmax))
  Physical resource: PLL_BASE_1/PLL_ADV/CLKOUT3
  Logical resource: PLL_BASE_1/PLL_ADV/CLKOUT3
  Location pin: PLL_ADV_X0Y1.CLKOUT3
  Clock network: clk_250M_pll
--------------------------------------------------------------------------------
Slack: 5.334ns (period - min period limit)
  Period: 8.000ns
  Min period limit: 2.666ns (375.094MHz) (Tpllper_CLKOUT(Foutmax))
  Physical resource: PLL_BASE_1/PLL_ADV/CLKOUT5
  Logical resource: PLL_BASE_1/PLL_ADV/CLKOUT5
  Location pin: PLL_ADV_X0Y1.CLKOUT5
  Clock network: clk_125M_pll
--------------------------------------------------------------------------------
Slack: 11.000ns (period - (min low pulse limit / (low pulse / period)))
  Period: 16.000ns
  Low pulse: 8.000ns
  Low pulse limit: 2.500ns (Tdcmpw_CLKIN_50_100)
  Physical resource: PLL_BASE_1/PLL_ADV/CLKIN1
  Logical resource: PLL_BASE_1/PLL_ADV/CLKIN1
  Location pin: PLL_ADV_X0Y1.CLKIN1
  Clock network: PLL_BASE_1/PLL_ADV_ML_NEW_DIVCLK
--------------------------------------------------------------------------------

================================================================================
Timing constraint: TS_clk_250M_pll = PERIOD TIMEGRP "clk_250M_pll" 
TS_WR_CLK_IN_P * 4 HIGH 50%;
For more information, see Period Analysis in the Timing Closure User Guide (UG612).

 0 paths analyzed, 0 endpoints analyzed, 0 failing endpoints
 0 timing errors detected. (0 component switching limit errors)
 Minimum period is   2.666ns.
--------------------------------------------------------------------------------

Component Switching Limit Checks: TS_clk_250M_pll = PERIOD TIMEGRP "clk_250M_pll" TS_WR_CLK_IN_P * 4 HIGH 50%;
--------------------------------------------------------------------------------
Slack: 1.334ns (period - min period limit)
  Period: 4.000ns
  Min period limit: 2.666ns (375.094MHz) (Tbcper_I)
  Physical resource: BUFG_clk250M/I0
  Logical resource: BUFG_clk250M/I0
  Location pin: BUFGMUX_X2Y2.I0
  Clock network: clk_250M_pll
--------------------------------------------------------------------------------

================================================================================
Timing constraint: TS_clk_125M_pll = PERIOD TIMEGRP "clk_125M_pll" 
TS_WR_CLK_IN_P * 2 HIGH 50%;
For more information, see Period Analysis in the Timing Closure User Guide (UG612).

 461 paths analyzed, 210 endpoints analyzed, 0 failing endpoints
 0 timing errors detected. (0 setup errors, 0 hold errors, 0 component switching limit errors)
 Minimum period is   3.424ns.
--------------------------------------------------------------------------------

Paths for end point TIMER_0/Tim1s_8 (SLICE_X8Y28.CE), 2 paths
--------------------------------------------------------------------------------
Slack (setup path):     4.576ns (requirement - (data path - clock path skew + uncertainty))
  Source:               TIMER_0/usCry,usTim_0 (FF)
  Destination:          TIMER_0/Tim1s_8 (FF)
  Requirement:          8.000ns
  Data Path Delay:      3.318ns (Levels of Logic = 1)
  Clock Path Skew:      0.001ns (0.626 - 0.625)
  Source Clock:         clk_125M rising at 0.000ns
  Destination Clock:    clk_125M rising at 8.000ns
  Clock Uncertainty:    0.107ns

  Clock Uncertainty:          0.107ns  ((TSJ^2 + DJ^2)^1/2) / 2 + PE
    Total System Jitter (TSJ):  0.070ns
    Discrete Jitter (DJ):       0.202ns
    Phase Error (PE):           0.000ns

  Maximum Data Path at Slow Process Corner: TIMER_0/usCry,usTim_0 to TIMER_0/Tim1s_8
    Location             Delay type         Delay(ns)  Physical Resource
                                                       Logical Resource(s)
    -------------------------------------------------  -------------------
    SLICE_X14Y31.CQ      Tcko                  0.476   TIMER_0/usCry,usTim<0>
                                                       TIMER_0/usCry,usTim_0
    SLICE_X10Y26.A1      net (fanout=15)       1.481   TIMER_0/usCry,usTim<0>
    SLICE_X10Y26.A       Tilo                  0.235   TIMER_0/usCry_Tim1ms[10]_AND_113_o
                                                       TIMER_0/usCry_Tim1ms[10]_AND_113_o1
    SLICE_X8Y28.CE       net (fanout=3)        0.813   TIMER_0/usCry_Tim1ms[10]_AND_113_o
    SLICE_X8Y28.CLK      Tceck                 0.313   TIMER_0/Tim1s<10>
                                                       TIMER_0/Tim1s_8
    -------------------------------------------------  ---------------------------
    Total                                      3.318ns (1.024ns logic, 2.294ns route)
                                                       (30.9% logic, 69.1% route)

--------------------------------------------------------------------------------
Slack (setup path):     5.030ns (requirement - (data path - clock path skew + uncertainty))
  Source:               TIMER_0/Tim1ms_10 (FF)
  Destination:          TIMER_0/Tim1s_8 (FF)
  Requirement:          8.000ns
  Data Path Delay:      2.843ns (Levels of Logic = 1)
  Clock Path Skew:      -0.020ns (0.321 - 0.341)
  Source Clock:         clk_125M rising at 0.000ns
  Destination Clock:    clk_125M rising at 8.000ns
  Clock Uncertainty:    0.107ns

  Clock Uncertainty:          0.107ns  ((TSJ^2 + DJ^2)^1/2) / 2 + PE
    Total System Jitter (TSJ):  0.070ns
    Discrete Jitter (DJ):       0.202ns
    Phase Error (PE):           0.000ns

  Maximum Data Path at Slow Process Corner: TIMER_0/Tim1ms_10 to TIMER_0/Tim1s_8
    Location             Delay type         Delay(ns)  Physical Resource
                                                       Logical Resource(s)
    -------------------------------------------------  -------------------
    SLICE_X10Y31.CQ      Tcko                  0.476   TIMER_0/Tim1ms<10>
                                                       TIMER_0/Tim1ms_10
    SLICE_X10Y26.A3      net (fanout=12)       1.006   TIMER_0/Tim1ms<10>
    SLICE_X10Y26.A       Tilo                  0.235   TIMER_0/usCry_Tim1ms[10]_AND_113_o
                                                       TIMER_0/usCry_Tim1ms[10]_AND_113_o1
    SLICE_X8Y28.CE       net (fanout=3)        0.813   TIMER_0/usCry_Tim1ms[10]_AND_113_o
    SLICE_X8Y28.CLK      Tceck                 0.313   TIMER_0/Tim1s<10>
                                                       TIMER_0/Tim1s_8
    -------------------------------------------------  ---------------------------
    Total                                      2.843ns (1.024ns logic, 1.819ns route)
                                                       (36.0% logic, 64.0% route)

--------------------------------------------------------------------------------

Paths for end point TIMER_0/Tim1s_10 (SLICE_X8Y28.CE), 2 paths
--------------------------------------------------------------------------------
Slack (setup path):     4.620ns (requirement - (data path - clock path skew + uncertainty))
  Source:               TIMER_0/usCry,usTim_0 (FF)
  Destination:          TIMER_0/Tim1s_10 (FF)
  Requirement:          8.000ns
  Data Path Delay:      3.274ns (Levels of Logic = 1)
  Clock Path Skew:      0.001ns (0.626 - 0.625)
  Source Clock:         clk_125M rising at 0.000ns
  Destination Clock:    clk_125M rising at 8.000ns
  Clock Uncertainty:    0.107ns

  Clock Uncertainty:          0.107ns  ((TSJ^2 + DJ^2)^1/2) / 2 + PE
    Total System Jitter (TSJ):  0.070ns
    Discrete Jitter (DJ):       0.202ns
    Phase Error (PE):           0.000ns

  Maximum Data Path at Slow Process Corner: TIMER_0/usCry,usTim_0 to TIMER_0/Tim1s_10
    Location             Delay type         Delay(ns)  Physical Resource
                                                       Logical Resource(s)
    -------------------------------------------------  -------------------
    SLICE_X14Y31.CQ      Tcko                  0.476   TIMER_0/usCry,usTim<0>
                                                       TIMER_0/usCry,usTim_0
    SLICE_X10Y26.A1      net (fanout=15)       1.481   TIMER_0/usCry,usTim<0>
    SLICE_X10Y26.A       Tilo                  0.235   TIMER_0/usCry_Tim1ms[10]_AND_113_o
                                                       TIMER_0/usCry_Tim1ms[10]_AND_113_o1
    SLICE_X8Y28.CE       net (fanout=3)        0.813   TIMER_0/usCry_Tim1ms[10]_AND_113_o
    SLICE_X8Y28.CLK      Tceck                 0.269   TIMER_0/Tim1s<10>
                                                       TIMER_0/Tim1s_10
    -------------------------------------------------  ---------------------------
    Total                                      3.274ns (0.980ns logic, 2.294ns route)
                                                       (29.9% logic, 70.1% route)

--------------------------------------------------------------------------------
Slack (setup path):     5.074ns (requirement - (data path - clock path skew + uncertainty))
  Source:               TIMER_0/Tim1ms_10 (FF)
  Destination:          TIMER_0/Tim1s_10 (FF)
  Requirement:          8.000ns
  Data Path Delay:      2.799ns (Levels of Logic = 1)
  Clock Path Skew:      -0.020ns (0.321 - 0.341)
  Source Clock:         clk_125M rising at 0.000ns
  Destination Clock:    clk_125M rising at 8.000ns
  Clock Uncertainty:    0.107ns

  Clock Uncertainty:          0.107ns  ((TSJ^2 + DJ^2)^1/2) / 2 + PE
    Total System Jitter (TSJ):  0.070ns
    Discrete Jitter (DJ):       0.202ns
    Phase Error (PE):           0.000ns

  Maximum Data Path at Slow Process Corner: TIMER_0/Tim1ms_10 to TIMER_0/Tim1s_10
    Location             Delay type         Delay(ns)  Physical Resource
                                                       Logical Resource(s)
    -------------------------------------------------  -------------------
    SLICE_X10Y31.CQ      Tcko                  0.476   TIMER_0/Tim1ms<10>
                                                       TIMER_0/Tim1ms_10
    SLICE_X10Y26.A3      net (fanout=12)       1.006   TIMER_0/Tim1ms<10>
    SLICE_X10Y26.A       Tilo                  0.235   TIMER_0/usCry_Tim1ms[10]_AND_113_o
                                                       TIMER_0/usCry_Tim1ms[10]_AND_113_o1
    SLICE_X8Y28.CE       net (fanout=3)        0.813   TIMER_0/usCry_Tim1ms[10]_AND_113_o
    SLICE_X8Y28.CLK      Tceck                 0.269   TIMER_0/Tim1s<10>
                                                       TIMER_0/Tim1s_10
    -------------------------------------------------  ---------------------------
    Total                                      2.799ns (0.980ns logic, 1.819ns route)
                                                       (35.0% logic, 65.0% route)

--------------------------------------------------------------------------------

Paths for end point TIMER_0/Tim1s_9 (SLICE_X8Y28.CE), 2 paths
--------------------------------------------------------------------------------
Slack (setup path):     4.636ns (requirement - (data path - clock path skew + uncertainty))
  Source:               TIMER_0/usCry,usTim_0 (FF)
  Destination:          TIMER_0/Tim1s_9 (FF)
  Requirement:          8.000ns
  Data Path Delay:      3.258ns (Levels of Logic = 1)
  Clock Path Skew:      0.001ns (0.626 - 0.625)
  Source Clock:         clk_125M rising at 0.000ns
  Destination Clock:    clk_125M rising at 8.000ns
  Clock Uncertainty:    0.107ns

  Clock Uncertainty:          0.107ns  ((TSJ^2 + DJ^2)^1/2) / 2 + PE
    Total System Jitter (TSJ):  0.070ns
    Discrete Jitter (DJ):       0.202ns
    Phase Error (PE):           0.000ns

  Maximum Data Path at Slow Process Corner: TIMER_0/usCry,usTim_0 to TIMER_0/Tim1s_9
    Location             Delay type         Delay(ns)  Physical Resource
                                                       Logical Resource(s)
    -------------------------------------------------  -------------------
    SLICE_X14Y31.CQ      Tcko                  0.476   TIMER_0/usCry,usTim<0>
                                                       TIMER_0/usCry,usTim_0
    SLICE_X10Y26.A1      net (fanout=15)       1.481   TIMER_0/usCry,usTim<0>
    SLICE_X10Y26.A       Tilo                  0.235   TIMER_0/usCry_Tim1ms[10]_AND_113_o
                                                       TIMER_0/usCry_Tim1ms[10]_AND_113_o1
    SLICE_X8Y28.CE       net (fanout=3)        0.813   TIMER_0/usCry_Tim1ms[10]_AND_113_o
    SLICE_X8Y28.CLK      Tceck                 0.253   TIMER_0/Tim1s<10>
                                                       TIMER_0/Tim1s_9
    -------------------------------------------------  ---------------------------
    Total                                      3.258ns (0.964ns logic, 2.294ns route)
                                                       (29.6% logic, 70.4% route)

--------------------------------------------------------------------------------
Slack (setup path):     5.090ns (requirement - (data path - clock path skew + uncertainty))
  Source:               TIMER_0/Tim1ms_10 (FF)
  Destination:          TIMER_0/Tim1s_9 (FF)
  Requirement:          8.000ns
  Data Path Delay:      2.783ns (Levels of Logic = 1)
  Clock Path Skew:      -0.020ns (0.321 - 0.341)
  Source Clock:         clk_125M rising at 0.000ns
  Destination Clock:    clk_125M rising at 8.000ns
  Clock Uncertainty:    0.107ns

  Clock Uncertainty:          0.107ns  ((TSJ^2 + DJ^2)^1/2) / 2 + PE
    Total System Jitter (TSJ):  0.070ns
    Discrete Jitter (DJ):       0.202ns
    Phase Error (PE):           0.000ns

  Maximum Data Path at Slow Process Corner: TIMER_0/Tim1ms_10 to TIMER_0/Tim1s_9
    Location             Delay type         Delay(ns)  Physical Resource
                                                       Logical Resource(s)
    -------------------------------------------------  -------------------
    SLICE_X10Y31.CQ      Tcko                  0.476   TIMER_0/Tim1ms<10>
                                                       TIMER_0/Tim1ms_10
    SLICE_X10Y26.A3      net (fanout=12)       1.006   TIMER_0/Tim1ms<10>
    SLICE_X10Y26.A       Tilo                  0.235   TIMER_0/usCry_Tim1ms[10]_AND_113_o
                                                       TIMER_0/usCry_Tim1ms[10]_AND_113_o1
    SLICE_X8Y28.CE       net (fanout=3)        0.813   TIMER_0/usCry_Tim1ms[10]_AND_113_o
    SLICE_X8Y28.CLK      Tceck                 0.253   TIMER_0/Tim1s<10>
                                                       TIMER_0/Tim1s_9
    -------------------------------------------------  ---------------------------
    Total                                      2.783ns (0.964ns logic, 1.819ns route)
                                                       (34.6% logic, 65.4% route)

--------------------------------------------------------------------------------

Hold Paths: TS_clk_125M_pll = PERIOD TIMEGRP "clk_125M_pll" TS_WR_CLK_IN_P * 2 HIGH 50%;
--------------------------------------------------------------------------------

Paths for end point TIM_1MS_CrossDomain/FlagToggle_clkA (SLICE_X10Y25.A6), 1 path
--------------------------------------------------------------------------------
Slack (hold path):      0.416ns (requirement - (clock path skew + uncertainty - data path))
  Source:               TIM_1MS_CrossDomain/FlagToggle_clkA (FF)
  Destination:          TIM_1MS_CrossDomain/FlagToggle_clkA (FF)
  Requirement:          0.000ns
  Data Path Delay:      0.416ns (Levels of Logic = 1)
  Clock Path Skew:      0.000ns
  Source Clock:         clk_125M rising at 8.000ns
  Destination Clock:    clk_125M rising at 8.000ns
  Clock Uncertainty:    0.000ns

  Minimum Data Path at Fast Process Corner: TIM_1MS_CrossDomain/FlagToggle_clkA to TIM_1MS_CrossDomain/FlagToggle_clkA
    Location             Delay type         Delay(ns)  Physical Resource
                                                       Logical Resource(s)
    -------------------------------------------------  -------------------
    SLICE_X10Y25.AQ      Tcko                  0.200   TIM_1MS_CrossDomain/FlagToggle_clkA
                                                       TIM_1MS_CrossDomain/FlagToggle_clkA
    SLICE_X10Y25.A6      net (fanout=2)        0.026   TIM_1MS_CrossDomain/FlagToggle_clkA
    SLICE_X10Y25.CLK     Tah         (-Th)    -0.190   TIM_1MS_CrossDomain/FlagToggle_clkA
                                                       TIM_1MS_CrossDomain/Mxor_FlagToggle_clkA_FlagIn_clkA_XOR_215_o_xo<0>1
                                                       TIM_1MS_CrossDomain/FlagToggle_clkA
    -------------------------------------------------  ---------------------------
    Total                                      0.416ns (0.390ns logic, 0.026ns route)
                                                       (93.8% logic, 6.2% route)

--------------------------------------------------------------------------------

Paths for end point TIMER_0/usCry,usTim_5 (SLICE_X14Y30.B5), 1 path
--------------------------------------------------------------------------------
Slack (hold path):      0.505ns (requirement - (clock path skew + uncertainty - data path))
  Source:               TIMER_0/usCry,usTim_5 (FF)
  Destination:          TIMER_0/usCry,usTim_5 (FF)
  Requirement:          0.000ns
  Data Path Delay:      0.505ns (Levels of Logic = 1)
  Clock Path Skew:      0.000ns
  Source Clock:         clk_125M rising at 8.000ns
  Destination Clock:    clk_125M rising at 8.000ns
  Clock Uncertainty:    0.000ns

  Minimum Data Path at Fast Process Corner: TIMER_0/usCry,usTim_5 to TIMER_0/usCry,usTim_5
    Location             Delay type         Delay(ns)  Physical Resource
                                                       Logical Resource(s)
    -------------------------------------------------  -------------------
    SLICE_X14Y30.BQ      Tcko                  0.200   TIMER_0/usCry,usTim<3>
                                                       TIMER_0/usCry,usTim_5
    SLICE_X14Y30.B5      net (fanout=1)        0.071   TIMER_0/usCry,usTim<5>
    SLICE_X14Y30.CLK     Tah         (-Th)    -0.234   TIMER_0/usCry,usTim<3>
                                                       TIMER_0/Mcount_usCry,usTim_lut<5>
                                                       TIMER_0/Mcount_usCry,usTim_cy<7>
                                                       TIMER_0/usCry,usTim_5
    -------------------------------------------------  ---------------------------
    Total                                      0.505ns (0.434ns logic, 0.071ns route)
                                                       (85.9% logic, 14.1% route)

--------------------------------------------------------------------------------

Paths for end point TIMER_0/usCry,usTim_1 (SLICE_X14Y31.B5), 1 path
--------------------------------------------------------------------------------
Slack (hold path):      0.505ns (requirement - (clock path skew + uncertainty - data path))
  Source:               TIMER_0/usCry,usTim_1 (FF)
  Destination:          TIMER_0/usCry,usTim_1 (FF)
  Requirement:          0.000ns
  Data Path Delay:      0.505ns (Levels of Logic = 1)
  Clock Path Skew:      0.000ns
  Source Clock:         clk_125M rising at 8.000ns
  Destination Clock:    clk_125M rising at 8.000ns
  Clock Uncertainty:    0.000ns

  Minimum Data Path at Fast Process Corner: TIMER_0/usCry,usTim_1 to TIMER_0/usCry,usTim_1
    Location             Delay type         Delay(ns)  Physical Resource
                                                       Logical Resource(s)
    -------------------------------------------------  -------------------
    SLICE_X14Y31.BQ      Tcko                  0.200   TIMER_0/usCry,usTim<0>
                                                       TIMER_0/usCry,usTim_1
    SLICE_X14Y31.B5      net (fanout=1)        0.071   TIMER_0/usCry,usTim<1>
    SLICE_X14Y31.CLK     Tah         (-Th)    -0.234   TIMER_0/usCry,usTim<0>
                                                       TIMER_0/Mcount_usCry,usTim_lut<9>
                                                       TIMER_0/Mcount_usCry,usTim_xor<10>
                                                       TIMER_0/usCry,usTim_1
    -------------------------------------------------  ---------------------------
    Total                                      0.505ns (0.434ns logic, 0.071ns route)
                                                       (85.9% logic, 14.1% route)

--------------------------------------------------------------------------------

Component Switching Limit Checks: TS_clk_125M_pll = PERIOD TIMEGRP "clk_125M_pll" TS_WR_CLK_IN_P * 2 HIGH 50%;
--------------------------------------------------------------------------------
Slack: 5.334ns (period - min period limit)
  Period: 8.000ns
  Min period limit: 2.666ns (375.094MHz) (Tbcper_I)
  Physical resource: BUFG_clk125M/I0
  Logical resource: BUFG_clk125M/I0
  Location pin: BUFGMUX_X2Y4.I0
  Clock network: clk_125M_pll
--------------------------------------------------------------------------------
Slack: 7.520ns (period - min period limit)
  Period: 8.000ns
  Min period limit: 0.480ns (2083.333MHz) (Tcp)
  Physical resource: TIMER_0/Tim1s<3>/CLK
  Logical resource: TIMER_0/Tim1s_0/CK
  Location pin: SLICE_X8Y26.CLK
  Clock network: clk_125M
--------------------------------------------------------------------------------
Slack: 7.520ns (period - min period limit)
  Period: 8.000ns
  Min period limit: 0.480ns (2083.333MHz) (Tcp)
  Physical resource: TIMER_0/Tim1s<3>/CLK
  Logical resource: TIMER_0/Tim1s_1/CK
  Location pin: SLICE_X8Y26.CLK
  Clock network: clk_125M
--------------------------------------------------------------------------------

================================================================================
Timing constraint: TS_clk_62M5_pll = PERIOD TIMEGRP "clk_62M5_pll" 
TS_WR_CLK_IN_P HIGH 50%;
For more information, see Period Analysis in the Timing Closure User Guide (UG612).

 174950 paths analyzed, 20088 endpoints analyzed, 45 failing endpoints
 45 timing errors detected. (45 setup errors, 0 hold errors, 0 component switching limit errors)
 Minimum period is  23.900ns.
--------------------------------------------------------------------------------

Paths for end point [4].master_rx_channel1/rx_shift_reg_0 (SLICE_X0Y61.AX), 7 paths
--------------------------------------------------------------------------------
Slack (setup path):     -1.975ns (requirement - (data path - clock path skew + uncertainty))
  Source:               [4].master_rx_channel1/u_iserdes_s6 (FF)
  Destination:          [4].master_rx_channel1/rx_shift_reg_0 (FF)
  Requirement:          4.000ns
  Data Path Delay:      4.437ns (Levels of Logic = 2)(Component delays alone exceeds constraint)
  Clock Path Skew:      -1.297ns (1.564 - 2.861)
  Source Clock:         clk_250M rising at 12.000ns
  Destination Clock:    clk_62M5 rising at 16.000ns
  Clock Uncertainty:    0.241ns

  Clock Uncertainty:          0.241ns  ((TSJ^2 + DJ^2)^1/2) / 2 + PE
    Total System Jitter (TSJ):  0.070ns
    Discrete Jitter (DJ):       0.231ns
    Phase Error (PE):           0.120ns

  Maximum Data Path at Slow Process Corner: [4].master_rx_channel1/u_iserdes_s6 to [4].master_rx_channel1/rx_shift_reg_0
    Location             Delay type         Delay(ns)  Physical Resource
                                                       Logical Resource(s)
    -------------------------------------------------  -------------------
    ILOGIC_X2Y61.Q2      Tiscko_Q              2.015   [4].master_rx_channel1/u_iserdes_s6
                                                       [4].master_rx_channel1/u_iserdes_s6
    SLICE_X3Y61.D4       net (fanout=2)        0.732   [4].master_rx_channel1/oversample_data<1>
    SLICE_X3Y61.D        Tilo                  0.259   [2].master_rx_channel1/payload_shift<3>
                                                       [4].master_rx_channel1/_n1438<11>21
    SLICE_X3Y61.C6       net (fanout=4)        0.164   [4].master_rx_channel1/_n1438<11>_bdd3
    SLICE_X3Y61.C        Tilo                  0.259   [2].master_rx_channel1/payload_shift<3>
                                                       [4].master_rx_channel1/selected_bit1
    SLICE_X0Y61.AX       net (fanout=2)        0.923   [4].master_rx_channel1/selected_bit
    SLICE_X0Y61.CLK      Tdick                 0.085   [4].master_rx_channel1/rx_shift_reg<3>
                                                       [4].master_rx_channel1/rx_shift_reg_0
    -------------------------------------------------  ---------------------------
    Total                                      4.437ns (2.618ns logic, 1.819ns route)
                                                       (59.0% logic, 41.0% route)

--------------------------------------------------------------------------------
Slack (setup path):     -1.819ns (requirement - (data path - clock path skew + uncertainty))
  Source:               [4].master_rx_channel1/u_iserdes_s6 (FF)
  Destination:          [4].master_rx_channel1/rx_shift_reg_0 (FF)
  Requirement:          4.000ns
  Data Path Delay:      4.281ns (Levels of Logic = 2)(Component delays alone exceeds constraint)
  Clock Path Skew:      -1.297ns (1.564 - 2.861)
  Source Clock:         clk_250M rising at 12.000ns
  Destination Clock:    clk_62M5 rising at 16.000ns
  Clock Uncertainty:    0.241ns

  Clock Uncertainty:          0.241ns  ((TSJ^2 + DJ^2)^1/2) / 2 + PE
    Total System Jitter (TSJ):  0.070ns
    Discrete Jitter (DJ):       0.231ns
    Phase Error (PE):           0.120ns

  Maximum Data Path at Slow Process Corner: [4].master_rx_channel1/u_iserdes_s6 to [4].master_rx_channel1/rx_shift_reg_0
    Location             Delay type         Delay(ns)  Physical Resource
                                                       Logical Resource(s)
    -------------------------------------------------  -------------------
    ILOGIC_X2Y61.Q4      Tiscko_Q              2.015   [4].master_rx_channel1/u_iserdes_s6
                                                       [4].master_rx_channel1/u_iserdes_s6
    SLICE_X3Y61.D3       net (fanout=2)        0.576   [4].master_rx_channel1/oversample_data<3>
    SLICE_X3Y61.D        Tilo                  0.259   [2].master_rx_channel1/payload_shift<3>
                                                       [4].master_rx_channel1/_n1438<11>21
    SLICE_X3Y61.C6       net (fanout=4)        0.164   [4].master_rx_channel1/_n1438<11>_bdd3
    SLICE_X3Y61.C        Tilo                  0.259   [2].master_rx_channel1/payload_shift<3>
                                                       [4].master_rx_channel1/selected_bit1
    SLICE_X0Y61.AX       net (fanout=2)        0.923   [4].master_rx_channel1/selected_bit
    SLICE_X0Y61.CLK      Tdick                 0.085   [4].master_rx_channel1/rx_shift_reg<3>
                                                       [4].master_rx_channel1/rx_shift_reg_0
    -------------------------------------------------  ---------------------------
    Total                                      4.281ns (2.618ns logic, 1.663ns route)
                                                       (61.2% logic, 38.8% route)

--------------------------------------------------------------------------------
Slack (setup path):     -1.662ns (requirement - (data path - clock path skew + uncertainty))
  Source:               [4].master_rx_channel1/u_iserdes_s6 (FF)
  Destination:          [4].master_rx_channel1/rx_shift_reg_0 (FF)
  Requirement:          4.000ns
  Data Path Delay:      4.124ns (Levels of Logic = 2)(Component delays alone exceeds constraint)
  Clock Path Skew:      -1.297ns (1.564 - 2.861)
  Source Clock:         clk_250M rising at 12.000ns
  Destination Clock:    clk_62M5 rising at 16.000ns
  Clock Uncertainty:    0.241ns

  Clock Uncertainty:          0.241ns  ((TSJ^2 + DJ^2)^1/2) / 2 + PE
    Total System Jitter (TSJ):  0.070ns
    Discrete Jitter (DJ):       0.231ns
    Phase Error (PE):           0.120ns

  Maximum Data Path at Slow Process Corner: [4].master_rx_channel1/u_iserdes_s6 to [4].master_rx_channel1/rx_shift_reg_0
    Location             Delay type         Delay(ns)  Physical Resource
                                                       Logical Resource(s)
    -------------------------------------------------  -------------------
    ILOGIC_X2Y61.Q3      Tiscko_Q              2.015   [4].master_rx_channel1/u_iserdes_s6
                                                       [4].master_rx_channel1/u_iserdes_s6
    SLICE_X3Y61.D5       net (fanout=2)        0.419   [4].master_rx_channel1/oversample_data<2>
    SLICE_X3Y61.D        Tilo                  0.259   [2].master_rx_channel1/payload_shift<3>
                                                       [4].master_rx_channel1/_n1438<11>21
    SLICE_X3Y61.C6       net (fanout=4)        0.164   [4].master_rx_channel1/_n1438<11>_bdd3
    SLICE_X3Y61.C        Tilo                  0.259   [2].master_rx_channel1/payload_shift<3>
                                                       [4].master_rx_channel1/selected_bit1
    SLICE_X0Y61.AX       net (fanout=2)        0.923   [4].master_rx_channel1/selected_bit
    SLICE_X0Y61.CLK      Tdick                 0.085   [4].master_rx_channel1/rx_shift_reg<3>
                                                       [4].master_rx_channel1/rx_shift_reg_0
    -------------------------------------------------  ---------------------------
    Total                                      4.124ns (2.618ns logic, 1.506ns route)
                                                       (63.5% logic, 36.5% route)

--------------------------------------------------------------------------------

Paths for end point [2].master_rx_channel1/rx_shift_reg_0 (SLICE_X2Y61.D5), 7 paths
--------------------------------------------------------------------------------
Slack (setup path):     -1.818ns (requirement - (data path - clock path skew + uncertainty))
  Source:               [2].master_rx_channel1/u_iserdes_s6 (FF)
  Destination:          [2].master_rx_channel1/rx_shift_reg_0 (FF)
  Requirement:          4.000ns
  Data Path Delay:      4.279ns (Levels of Logic = 3)(Component delays alone exceeds constraint)
  Clock Path Skew:      -1.298ns (1.564 - 2.862)
  Source Clock:         clk_250M rising at 12.000ns
  Destination Clock:    clk_62M5 rising at 16.000ns
  Clock Uncertainty:    0.241ns

  Clock Uncertainty:          0.241ns  ((TSJ^2 + DJ^2)^1/2) / 2 + PE
    Total System Jitter (TSJ):  0.070ns
    Discrete Jitter (DJ):       0.231ns
    Phase Error (PE):           0.120ns

  Maximum Data Path at Slow Process Corner: [2].master_rx_channel1/u_iserdes_s6 to [2].master_rx_channel1/rx_shift_reg_0
    Location             Delay type         Delay(ns)  Physical Resource
                                                       Logical Resource(s)
    -------------------------------------------------  -------------------
    ILOGIC_X2Y63.Q4      Tiscko_Q              2.015   [2].master_rx_channel1/u_iserdes_s6
                                                       [2].master_rx_channel1/u_iserdes_s6
    SLICE_X3Y61.B3       net (fanout=2)        0.587   [2].master_rx_channel1/oversample_data<3>
    SLICE_X3Y61.B        Tilo                  0.259   [2].master_rx_channel1/payload_shift<3>
                                                       [2].master_rx_channel1/_n1438<11>21
    SLICE_X3Y61.A5       net (fanout=4)        0.248   [2].master_rx_channel1/_n1438<11>_bdd3
    SLICE_X3Y61.A        Tilo                  0.259   [2].master_rx_channel1/payload_shift<3>
                                                       [2].master_rx_channel1/selected_bit1
    SLICE_X2Y61.D5       net (fanout=1)        0.690   [2].master_rx_channel1/selected_bit
    SLICE_X2Y61.CLK      Tas                   0.221   [2].master_rx_channel1/rx_shift_reg<3>
                                                       [2].master_rx_channel1/selected_bit_rt
                                                       [2].master_rx_channel1/rx_shift_reg_0
    -------------------------------------------------  ---------------------------
    Total                                      4.279ns (2.754ns logic, 1.525ns route)
                                                       (64.4% logic, 35.6% route)

--------------------------------------------------------------------------------
Slack (setup path):     -1.800ns (requirement - (data path - clock path skew + uncertainty))
  Source:               [2].master_rx_channel1/u_iserdes_s6 (FF)
  Destination:          [2].master_rx_channel1/rx_shift_reg_0 (FF)
  Requirement:          4.000ns
  Data Path Delay:      4.261ns (Levels of Logic = 3)(Component delays alone exceeds constraint)
  Clock Path Skew:      -1.298ns (1.564 - 2.862)
  Source Clock:         clk_250M rising at 12.000ns
  Destination Clock:    clk_62M5 rising at 16.000ns
  Clock Uncertainty:    0.241ns

  Clock Uncertainty:          0.241ns  ((TSJ^2 + DJ^2)^1/2) / 2 + PE
    Total System Jitter (TSJ):  0.070ns
    Discrete Jitter (DJ):       0.231ns
    Phase Error (PE):           0.120ns

  Maximum Data Path at Slow Process Corner: [2].master_rx_channel1/u_iserdes_s6 to [2].master_rx_channel1/rx_shift_reg_0
    Location             Delay type         Delay(ns)  Physical Resource
                                                       Logical Resource(s)
    -------------------------------------------------  -------------------
    ILOGIC_X2Y63.Q1      Tiscko_Q              2.015   [2].master_rx_channel1/u_iserdes_s6
                                                       [2].master_rx_channel1/u_iserdes_s6
    SLICE_X3Y61.B4       net (fanout=2)        0.569   [2].master_rx_channel1/oversample_data<0>
    SLICE_X3Y61.B        Tilo                  0.259   [2].master_rx_channel1/payload_shift<3>
                                                       [2].master_rx_channel1/_n1438<11>21
    SLICE_X3Y61.A5       net (fanout=4)        0.248   [2].master_rx_channel1/_n1438<11>_bdd3
    SLICE_X3Y61.A        Tilo                  0.259   [2].master_rx_channel1/payload_shift<3>
                                                       [2].master_rx_channel1/selected_bit1
    SLICE_X2Y61.D5       net (fanout=1)        0.690   [2].master_rx_channel1/selected_bit
    SLICE_X2Y61.CLK      Tas                   0.221   [2].master_rx_channel1/rx_shift_reg<3>
                                                       [2].master_rx_channel1/selected_bit_rt
                                                       [2].master_rx_channel1/rx_shift_reg_0
    -------------------------------------------------  ---------------------------
    Total                                      4.261ns (2.754ns logic, 1.507ns route)
                                                       (64.6% logic, 35.4% route)

--------------------------------------------------------------------------------
Slack (setup path):     -1.680ns (requirement - (data path - clock path skew + uncertainty))
  Source:               [2].master_rx_channel1/u_iserdes_s6 (FF)
  Destination:          [2].master_rx_channel1/rx_shift_reg_0 (FF)
  Requirement:          4.000ns
  Data Path Delay:      4.141ns (Levels of Logic = 3)(Component delays alone exceeds constraint)
  Clock Path Skew:      -1.298ns (1.564 - 2.862)
  Source Clock:         clk_250M rising at 12.000ns
  Destination Clock:    clk_62M5 rising at 16.000ns
  Clock Uncertainty:    0.241ns

  Clock Uncertainty:          0.241ns  ((TSJ^2 + DJ^2)^1/2) / 2 + PE
    Total System Jitter (TSJ):  0.070ns
    Discrete Jitter (DJ):       0.231ns
    Phase Error (PE):           0.120ns

  Maximum Data Path at Slow Process Corner: [2].master_rx_channel1/u_iserdes_s6 to [2].master_rx_channel1/rx_shift_reg_0
    Location             Delay type         Delay(ns)  Physical Resource
                                                       Logical Resource(s)
    -------------------------------------------------  -------------------
    ILOGIC_X2Y63.Q3      Tiscko_Q              2.015   [2].master_rx_channel1/u_iserdes_s6
                                                       [2].master_rx_channel1/u_iserdes_s6
    SLICE_X3Y61.B5       net (fanout=2)        0.449   [2].master_rx_channel1/oversample_data<2>
    SLICE_X3Y61.B        Tilo                  0.259   [2].master_rx_channel1/payload_shift<3>
                                                       [2].master_rx_channel1/_n1438<11>21
    SLICE_X3Y61.A5       net (fanout=4)        0.248   [2].master_rx_channel1/_n1438<11>_bdd3
    SLICE_X3Y61.A        Tilo                  0.259   [2].master_rx_channel1/payload_shift<3>
                                                       [2].master_rx_channel1/selected_bit1
    SLICE_X2Y61.D5       net (fanout=1)        0.690   [2].master_rx_channel1/selected_bit
    SLICE_X2Y61.CLK      Tas                   0.221   [2].master_rx_channel1/rx_shift_reg<3>
                                                       [2].master_rx_channel1/selected_bit_rt
                                                       [2].master_rx_channel1/rx_shift_reg_0
    -------------------------------------------------  ---------------------------
    Total                                      4.141ns (2.754ns logic, 1.387ns route)
                                                       (66.5% logic, 33.5% route)

--------------------------------------------------------------------------------

Paths for end point [4].master_rx_channel1/payload_shift_0 (SLICE_X1Y61.AX), 7 paths
--------------------------------------------------------------------------------
Slack (setup path):     -1.737ns (requirement - (data path - clock path skew + uncertainty))
  Source:               [4].master_rx_channel1/u_iserdes_s6 (FF)
  Destination:          [4].master_rx_channel1/payload_shift_0 (FF)
  Requirement:          4.000ns
  Data Path Delay:      4.199ns (Levels of Logic = 2)(Component delays alone exceeds constraint)
  Clock Path Skew:      -1.297ns (1.564 - 2.861)
  Source Clock:         clk_250M rising at 12.000ns
  Destination Clock:    clk_62M5 rising at 16.000ns
  Clock Uncertainty:    0.241ns

  Clock Uncertainty:          0.241ns  ((TSJ^2 + DJ^2)^1/2) / 2 + PE
    Total System Jitter (TSJ):  0.070ns
    Discrete Jitter (DJ):       0.231ns
    Phase Error (PE):           0.120ns

  Maximum Data Path at Slow Process Corner: [4].master_rx_channel1/u_iserdes_s6 to [4].master_rx_channel1/payload_shift_0
    Location             Delay type         Delay(ns)  Physical Resource
                                                       Logical Resource(s)
    -------------------------------------------------  -------------------
    ILOGIC_X2Y61.Q2      Tiscko_Q              2.015   [4].master_rx_channel1/u_iserdes_s6
                                                       [4].master_rx_channel1/u_iserdes_s6
    SLICE_X3Y61.D4       net (fanout=2)        0.732   [4].master_rx_channel1/oversample_data<1>
    SLICE_X3Y61.D        Tilo                  0.259   [2].master_rx_channel1/payload_shift<3>
                                                       [4].master_rx_channel1/_n1438<11>21
    SLICE_X3Y61.C6       net (fanout=4)        0.164   [4].master_rx_channel1/_n1438<11>_bdd3
    SLICE_X3Y61.C        Tilo                  0.259   [2].master_rx_channel1/payload_shift<3>
                                                       [4].master_rx_channel1/selected_bit1
    SLICE_X1Y61.AX       net (fanout=2)        0.656   [4].master_rx_channel1/selected_bit
    SLICE_X1Y61.CLK      Tdick                 0.114   [4].master_rx_channel1/payload_shift<3>
                                                       [4].master_rx_channel1/payload_shift_0
    -------------------------------------------------  ---------------------------
    Total                                      4.199ns (2.647ns logic, 1.552ns route)
                                                       (63.0% logic, 37.0% route)

--------------------------------------------------------------------------------
Slack (setup path):     -1.581ns (requirement - (data path - clock path skew + uncertainty))
  Source:               [4].master_rx_channel1/u_iserdes_s6 (FF)
  Destination:          [4].master_rx_channel1/payload_shift_0 (FF)
  Requirement:          4.000ns
  Data Path Delay:      4.043ns (Levels of Logic = 2)(Component delays alone exceeds constraint)
  Clock Path Skew:      -1.297ns (1.564 - 2.861)
  Source Clock:         clk_250M rising at 12.000ns
  Destination Clock:    clk_62M5 rising at 16.000ns
  Clock Uncertainty:    0.241ns

  Clock Uncertainty:          0.241ns  ((TSJ^2 + DJ^2)^1/2) / 2 + PE
    Total System Jitter (TSJ):  0.070ns
    Discrete Jitter (DJ):       0.231ns
    Phase Error (PE):           0.120ns

  Maximum Data Path at Slow Process Corner: [4].master_rx_channel1/u_iserdes_s6 to [4].master_rx_channel1/payload_shift_0
    Location             Delay type         Delay(ns)  Physical Resource
                                                       Logical Resource(s)
    -------------------------------------------------  -------------------
    ILOGIC_X2Y61.Q4      Tiscko_Q              2.015   [4].master_rx_channel1/u_iserdes_s6
                                                       [4].master_rx_channel1/u_iserdes_s6
    SLICE_X3Y61.D3       net (fanout=2)        0.576   [4].master_rx_channel1/oversample_data<3>
    SLICE_X3Y61.D        Tilo                  0.259   [2].master_rx_channel1/payload_shift<3>
                                                       [4].master_rx_channel1/_n1438<11>21
    SLICE_X3Y61.C6       net (fanout=4)        0.164   [4].master_rx_channel1/_n1438<11>_bdd3
    SLICE_X3Y61.C        Tilo                  0.259   [2].master_rx_channel1/payload_shift<3>
                                                       [4].master_rx_channel1/selected_bit1
    SLICE_X1Y61.AX       net (fanout=2)        0.656   [4].master_rx_channel1/selected_bit
    SLICE_X1Y61.CLK      Tdick                 0.114   [4].master_rx_channel1/payload_shift<3>
                                                       [4].master_rx_channel1/payload_shift_0
    -------------------------------------------------  ---------------------------
    Total                                      4.043ns (2.647ns logic, 1.396ns route)
                                                       (65.5% logic, 34.5% route)

--------------------------------------------------------------------------------
Slack (setup path):     -1.424ns (requirement - (data path - clock path skew + uncertainty))
  Source:               [4].master_rx_channel1/u_iserdes_s6 (FF)
  Destination:          [4].master_rx_channel1/payload_shift_0 (FF)
  Requirement:          4.000ns
  Data Path Delay:      3.886ns (Levels of Logic = 2)(Component delays alone exceeds constraint)
  Clock Path Skew:      -1.297ns (1.564 - 2.861)
  Source Clock:         clk_250M rising at 12.000ns
  Destination Clock:    clk_62M5 rising at 16.000ns
  Clock Uncertainty:    0.241ns

  Clock Uncertainty:          0.241ns  ((TSJ^2 + DJ^2)^1/2) / 2 + PE
    Total System Jitter (TSJ):  0.070ns
    Discrete Jitter (DJ):       0.231ns
    Phase Error (PE):           0.120ns

  Maximum Data Path at Slow Process Corner: [4].master_rx_channel1/u_iserdes_s6 to [4].master_rx_channel1/payload_shift_0
    Location             Delay type         Delay(ns)  Physical Resource
                                                       Logical Resource(s)
    -------------------------------------------------  -------------------
    ILOGIC_X2Y61.Q3      Tiscko_Q              2.015   [4].master_rx_channel1/u_iserdes_s6
                                                       [4].master_rx_channel1/u_iserdes_s6
    SLICE_X3Y61.D5       net (fanout=2)        0.419   [4].master_rx_channel1/oversample_data<2>
    SLICE_X3Y61.D        Tilo                  0.259   [2].master_rx_channel1/payload_shift<3>
                                                       [4].master_rx_channel1/_n1438<11>21
    SLICE_X3Y61.C6       net (fanout=4)        0.164   [4].master_rx_channel1/_n1438<11>_bdd3
    SLICE_X3Y61.C        Tilo                  0.259   [2].master_rx_channel1/payload_shift<3>
                                                       [4].master_rx_channel1/selected_bit1
    SLICE_X1Y61.AX       net (fanout=2)        0.656   [4].master_rx_channel1/selected_bit
    SLICE_X1Y61.CLK      Tdick                 0.114   [4].master_rx_channel1/payload_shift<3>
                                                       [4].master_rx_channel1/payload_shift_0
    -------------------------------------------------  ---------------------------
    Total                                      3.886ns (2.647ns logic, 1.239ns route)
                                                       (68.1% logic, 31.9% route)

--------------------------------------------------------------------------------

Hold Paths: TS_clk_62M5_pll = PERIOD TIMEGRP "clk_62M5_pll" TS_WR_CLK_IN_P HIGH 50%;
--------------------------------------------------------------------------------

Paths for end point TIM_1MS_CrossDomain/Mshreg_SyncA_clkB_1 (SLICE_X12Y26.AI), 1 path
--------------------------------------------------------------------------------
Slack (hold path):      0.091ns (requirement - (clock path skew + uncertainty - data path))
  Source:               TIM_1MS_CrossDomain/FlagToggle_clkA (FF)
  Destination:          TIM_1MS_CrossDomain/Mshreg_SyncA_clkB_1 (FF)
  Requirement:          0.000ns
  Data Path Delay:      0.633ns (Levels of Logic = 0)
  Clock Path Skew:      0.301ns (0.996 - 0.695)
  Source Clock:         clk_125M rising at 16.000ns
  Destination Clock:    clk_62M5 rising at 16.000ns
  Clock Uncertainty:    0.241ns

  Clock Uncertainty:          0.241ns  ((TSJ^2 + DJ^2)^1/2) / 2 + PE
    Total System Jitter (TSJ):  0.070ns
    Discrete Jitter (DJ):       0.231ns
    Phase Error (PE):           0.120ns

  Minimum Data Path at Fast Process Corner: TIM_1MS_CrossDomain/FlagToggle_clkA to TIM_1MS_CrossDomain/Mshreg_SyncA_clkB_1
    Location             Delay type         Delay(ns)  Physical Resource
                                                       Logical Resource(s)
    -------------------------------------------------  -------------------
    SLICE_X10Y25.AQ      Tcko                  0.200   TIM_1MS_CrossDomain/FlagToggle_clkA
                                                       TIM_1MS_CrossDomain/FlagToggle_clkA
    SLICE_X12Y26.AI      net (fanout=2)        0.403   TIM_1MS_CrossDomain/FlagToggle_clkA
    SLICE_X12Y26.CLK     Tdh         (-Th)    -0.030   TIM_1MS_CrossDomain/SyncA_clkB<2>
                                                       TIM_1MS_CrossDomain/Mshreg_SyncA_clkB_1
    -------------------------------------------------  ---------------------------
    Total                                      0.633ns (0.230ns logic, 0.403ns route)
                                                       (36.3% logic, 63.7% route)

--------------------------------------------------------------------------------

Paths for end point ALL_CHANNEL_DATA/U0/xst_fifo_generator/gaxis_fifo.gaxisf.axisf/grf.rf/gntv_or_sync_fifo.mem/gbm.gbmg.gbmga.ngecc.bmg/gnativebmg.native_blk_mem_gen/valid.cstr/ramloop[2].ram.r/s6_noinit.ram/SDP.SIMPLE_PRIM18.ram (RAMB16_X0Y16.DIA15), 1 path
--------------------------------------------------------------------------------
Slack (hold path):      0.297ns (requirement - (clock path skew + uncertainty - data path))
  Source:               S_FULL_DATA_88 (FF)
  Destination:          ALL_CHANNEL_DATA/U0/xst_fifo_generator/gaxis_fifo.gaxisf.axisf/grf.rf/gntv_or_sync_fifo.mem/gbm.gbmg.gbmga.ngecc.bmg/gnativebmg.native_blk_mem_gen/valid.cstr/ramloop[2].ram.r/s6_noinit.ram/SDP.SIMPLE_PRIM18.ram (RAM)
  Requirement:          0.000ns
  Data Path Delay:      0.296ns (Levels of Logic = 0)
  Clock Path Skew:      -0.001ns (0.120 - 0.121)
  Source Clock:         clk_62M5 rising at 16.000ns
  Destination Clock:    clk_62M5 rising at 16.000ns
  Clock Uncertainty:    0.000ns

  Minimum Data Path at Fast Process Corner: S_FULL_DATA_88 to ALL_CHANNEL_DATA/U0/xst_fifo_generator/gaxis_fifo.gaxisf.axisf/grf.rf/gntv_or_sync_fifo.mem/gbm.gbmg.gbmga.ngecc.bmg/gnativebmg.native_blk_mem_gen/valid.cstr/ramloop[2].ram.r/s6_noinit.ram/SDP.SIMPLE_PRIM18.ram
    Location             Delay type         Delay(ns)  Physical Resource
                                                       Logical Resource(s)
    -------------------------------------------------  -------------------
    SLICE_X3Y32.AQ       Tcko                  0.198   S_FULL_DATA<91>
                                                       S_FULL_DATA_88
    RAMB16_X0Y16.DIA15   net (fanout=1)        0.151   S_FULL_DATA<88>
    RAMB16_X0Y16.CLKA    Trckd_DIA   (-Th)     0.053   ALL_CHANNEL_DATA/U0/xst_fifo_generator/gaxis_fifo.gaxisf.axisf/grf.rf/gntv_or_sync_fifo.mem/gbm.gbmg.gbmga.ngecc.bmg/gnativebmg.native_blk_mem_gen/valid.cstr/ramloop[2].ram.r/s6_noinit.ram/SDP.SIMPLE_PRIM18.ram
                                                       ALL_CHANNEL_DATA/U0/xst_fifo_generator/gaxis_fifo.gaxisf.axisf/grf.rf/gntv_or_sync_fifo.mem/gbm.gbmg.gbmga.ngecc.bmg/gnativebmg.native_blk_mem_gen/valid.cstr/ramloop[2].ram.r/s6_noinit.ram/SDP.SIMPLE_PRIM18.ram
    -------------------------------------------------  ---------------------------
    Total                                      0.296ns (0.145ns logic, 0.151ns route)
                                                       (49.0% logic, 51.0% route)

--------------------------------------------------------------------------------

Paths for end point ALL_CHANNEL_DATA/U0/xst_fifo_generator/gaxis_fifo.gaxisf.axisf/grf.rf/gntv_or_sync_fifo.mem/gbm.gbmg.gbmga.ngecc.bmg/gnativebmg.native_blk_mem_gen/valid.cstr/ramloop[0].ram.r/s6_noinit.ram/SDP.SIMPLE_PRIM18.ram (RAMB16_X1Y12.DIA29), 1 path
--------------------------------------------------------------------------------
Slack (hold path):      0.298ns (requirement - (clock path skew + uncertainty - data path))
  Source:               S_FULL_DATA_32 (FF)
  Destination:          ALL_CHANNEL_DATA/U0/xst_fifo_generator/gaxis_fifo.gaxisf.axisf/grf.rf/gntv_or_sync_fifo.mem/gbm.gbmg.gbmga.ngecc.bmg/gnativebmg.native_blk_mem_gen/valid.cstr/ramloop[0].ram.r/s6_noinit.ram/SDP.SIMPLE_PRIM18.ram (RAM)
  Requirement:          0.000ns
  Data Path Delay:      0.298ns (Levels of Logic = 0)
  Clock Path Skew:      0.000ns
  Source Clock:         clk_62M5 rising at 16.000ns
  Destination Clock:    clk_62M5 rising at 16.000ns
  Clock Uncertainty:    0.000ns

  Minimum Data Path at Fast Process Corner: S_FULL_DATA_32 to ALL_CHANNEL_DATA/U0/xst_fifo_generator/gaxis_fifo.gaxisf.axisf/grf.rf/gntv_or_sync_fifo.mem/gbm.gbmg.gbmga.ngecc.bmg/gnativebmg.native_blk_mem_gen/valid.cstr/ramloop[0].ram.r/s6_noinit.ram/SDP.SIMPLE_PRIM18.ram
    Location             Delay type         Delay(ns)  Physical Resource
                                                       Logical Resource(s)
    -------------------------------------------------  -------------------
    SLICE_X18Y26.AQ      Tcko                  0.200   S_FULL_DATA<35>
                                                       S_FULL_DATA_32
    RAMB16_X1Y12.DIA29   net (fanout=1)        0.151   S_FULL_DATA<32>
    RAMB16_X1Y12.CLKA    Trckd_DIA   (-Th)     0.053   ALL_CHANNEL_DATA/U0/xst_fifo_generator/gaxis_fifo.gaxisf.axisf/grf.rf/gntv_or_sync_fifo.mem/gbm.gbmg.gbmga.ngecc.bmg/gnativebmg.native_blk_mem_gen/valid.cstr/ramloop[0].ram.r/s6_noinit.ram/SDP.SIMPLE_PRIM18.ram
                                                       ALL_CHANNEL_DATA/U0/xst_fifo_generator/gaxis_fifo.gaxisf.axisf/grf.rf/gntv_or_sync_fifo.mem/gbm.gbmg.gbmga.ngecc.bmg/gnativebmg.native_blk_mem_gen/valid.cstr/ramloop[0].ram.r/s6_noinit.ram/SDP.SIMPLE_PRIM18.ram
    -------------------------------------------------  ---------------------------
    Total                                      0.298ns (0.147ns logic, 0.151ns route)
                                                       (49.3% logic, 50.7% route)

--------------------------------------------------------------------------------

Component Switching Limit Checks: TS_clk_62M5_pll = PERIOD TIMEGRP "clk_62M5_pll" TS_WR_CLK_IN_P HIGH 50%;
--------------------------------------------------------------------------------
Slack: 12.430ns (period - min period limit)
  Period: 16.000ns
  Min period limit: 3.570ns (280.112MHz) (Trper_CLKB(Fmax))
  Physical resource: ts_link_slave/ila_1_inst/U0/I_NO_D.U_ILA/U_CAPSTOR/I_CASE1.I_YES_TB.U_TRACE_BUFFER/U_RAM/I_S6.U_CS_BRAM_CASCADE_S6/I_DEPTH_LTEQ_16K.U_SBRAM_0/I_B18KGT0.G_RAMB18[0].u_ramb18/U_RAMB18/CLKB
  Logical resource: ts_link_slave/ila_1_inst/U0/I_NO_D.U_ILA/U_CAPSTOR/I_CASE1.I_YES_TB.U_TRACE_BUFFER/U_RAM/I_S6.U_CS_BRAM_CASCADE_S6/I_DEPTH_LTEQ_16K.U_SBRAM_0/I_B18KGT0.G_RAMB18[0].u_ramb18/U_RAMB18/CLKB
  Location pin: RAMB16_X0Y26.CLKB
  Clock network: clk_62M5
--------------------------------------------------------------------------------
Slack: 12.430ns (period - min period limit)
  Period: 16.000ns
  Min period limit: 3.570ns (280.112MHz) (Trper_CLKB(Fmax))
  Physical resource: ts_link_slave/ila_1_inst/U0/I_NO_D.U_ILA/U_CAPSTOR/I_CASE1.I_YES_TB.U_TRACE_BUFFER/U_RAM/I_S6.U_CS_BRAM_CASCADE_S6/I_DEPTH_LTEQ_16K.U_SBRAM_0/I_B9KGT0.u_ramb9/U_RAMB9/CLKBRDCLK
  Logical resource: ts_link_slave/ila_1_inst/U0/I_NO_D.U_ILA/U_CAPSTOR/I_CASE1.I_YES_TB.U_TRACE_BUFFER/U_RAM/I_S6.U_CS_BRAM_CASCADE_S6/I_DEPTH_LTEQ_16K.U_SBRAM_0/I_B9KGT0.u_ramb9/U_RAMB9/CLKBRDCLK
  Location pin: RAMB8_X0Y25.CLKBRDCLK
  Clock network: clk_62M5
--------------------------------------------------------------------------------
Slack: 12.430ns (period - min period limit)
  Period: 16.000ns
  Min period limit: 3.570ns (280.112MHz) (Trper_CLKA(Fmax))
  Physical resource: [2].fifo_tdc_config/U0/xst_fifo_generator/gconvfifo.rf/grf.rf/gntv_or_sync_fifo.mem/gbm.gbmg.gbmga.ngecc.bmg/gnativebmg.native_blk_mem_gen/valid.cstr/ramloop[0].ram.r/s6_noinit.ram/SDP.WIDE_PRIM9.ram/CLKAWRCLK
  Logical resource: [2].fifo_tdc_config/U0/xst_fifo_generator/gconvfifo.rf/grf.rf/gntv_or_sync_fifo.mem/gbm.gbmg.gbmga.ngecc.bmg/gnativebmg.native_blk_mem_gen/valid.cstr/ramloop[0].ram.r/s6_noinit.ram/SDP.WIDE_PRIM9.ram/CLKAWRCLK
  Location pin: RAMB8_X1Y27.CLKAWRCLK
  Clock network: clk_62M5
--------------------------------------------------------------------------------


Derived Constraint Report
Derived Constraints for TS_WR_CLK_IN_P
+-------------------------------+-------------+-------------+-------------+-------------+-------------+-------------+-------------+
|                               |   Period    |       Actual Period       |      Timing Errors        |      Paths Analyzed       |
|           Constraint          | Requirement |-------------+-------------|-------------+-------------|-------------+-------------|
|                               |             |   Direct    | Derivative  |   Direct    | Derivative  |   Direct    | Derivative  |
+-------------------------------+-------------+-------------+-------------+-------------+-------------+-------------+-------------+
|TS_WR_CLK_IN_P                 |     16.000ns|      5.000ns|     23.900ns|            0|           45|            0|       175411|
| TS_clk_250M_pll               |      4.000ns|      2.666ns|          N/A|            0|            0|            0|            0|
| TS_clk_125M_pll               |      8.000ns|      3.424ns|          N/A|            0|            0|          461|            0|
| TS_clk_62M5_pll               |     16.000ns|     23.900ns|          N/A|           45|            0|       174950|            0|
+-------------------------------+-------------+-------------+-------------+-------------+-------------+-------------+-------------+

1 constraint not met.


Data Sheet report:
-----------------
All values displayed in nanoseconds (ns)

Clock to Setup on destination clock WR_CLK_IN_N
---------------+---------+---------+---------+---------+
               | Src:Rise| Src:Fall| Src:Rise| Src:Fall|
Source Clock   |Dest:Rise|Dest:Rise|Dest:Fall|Dest:Fall|
---------------+---------+---------+---------+---------+
WR_CLK_IN_N    |    9.525|         |         |         |
WR_CLK_IN_P    |    9.525|         |         |         |
---------------+---------+---------+---------+---------+

Clock to Setup on destination clock WR_CLK_IN_P
---------------+---------+---------+---------+---------+
               | Src:Rise| Src:Fall| Src:Rise| Src:Fall|
Source Clock   |Dest:Rise|Dest:Rise|Dest:Fall|Dest:Fall|
---------------+---------+---------+---------+---------+
WR_CLK_IN_N    |    9.525|         |         |         |
WR_CLK_IN_P    |    9.525|         |         |         |
---------------+---------+---------+---------+---------+


Timing summary:
---------------

Timing errors: 45  Score: 41671  (Setup/Max: 41671, Hold: 0)

Constraints cover 175411 paths, 0 nets, and 22258 connections

Design statistics:
   Minimum period:  23.900ns{1}   (Maximum frequency:  41.841MHz)


------------------------------------Footnotes-----------------------------------
1)  The minimum period statistic assumes all single cycle delays.

Analysis completed Thu Mar  5 01:09:33 2026 
--------------------------------------------------------------------------------

Trace Settings:
-------------------------
Trace Settings 

Peak Memory Usage: 487 MB



