--------------------------------------------------------------------------------
Release 14.7 Trace  (lin64)
Copyright (c) 1995-2013 Xilinx, Inc.  All rights reserved.

/opt/Xilinx/14.7/ISE_DS/ISE/bin/lin64/unwrapped/trce -intstyle ise -v 3 -s 2 -n
3 -fastpaths -xml top_middle.twx top_middle.ncd -o top_middle.twr
top_middle.pcf -ucf top_middle.ucf

Design file:              top_middle.ncd
Physical constraint file: top_middle.pcf
Device,package,speed:     xc6slx9,ftg256,C,-2 (PRODUCTION 1.23 2013-10-13)
Report level:             verbose report

Environment Variable      Effect 
--------------------      ------ 
NONE                      No environment variables were set
--------------------------------------------------------------------------------

INFO:Timing:3412 - To improve timing, see the Timing Closure User Guide (UG612).
INFO:Timing:2752 - To get complete path coverage, use the unconstrained paths 
   option. All paths that are not constrained will be reported in the 
   unconstrained paths section(s) of the report.
INFO:Timing:3339 - The clock-to-out numbers in this timing report are based on 
   a 50 Ohm transmission line loading model.  For the details of this model, 
   and for more information on accounting for different loading conditions, 
   please see the device datasheet.

================================================================================
Timing constraint: TS_WR_CLK_IN_P = PERIOD TIMEGRP "WR_CLK_IN_P" 62.5 MHz HIGH 
50%;
For more information, see Period Analysis in the Timing Closure User Guide (UG612).

 57146 paths analyzed, 12157 endpoints analyzed, 0 failing endpoints
 0 timing errors detected. (0 setup errors, 0 hold errors, 0 component switching limit errors)
 Minimum period is   9.810ns.
--------------------------------------------------------------------------------

Paths for end point TIM_1MS_CrossDomain/Mshreg_SyncA_clkB_1 (SLICE_X8Y24.AI), 1 path
--------------------------------------------------------------------------------
Slack (setup path):     3.095ns (requirement - (data path - clock path skew + uncertainty))
  Source:               TIM_1MS_CrossDomain/FlagToggle_clkA (FF)
  Destination:          TIM_1MS_CrossDomain/Mshreg_SyncA_clkB_1 (FF)
  Requirement:          8.000ns
  Data Path Delay:      1.268ns (Levels of Logic = 0)
  Clock Path Skew:      -3.305ns (1.776 - 5.081)
  Source Clock:         clk_125M rising at 8.000ns
  Destination Clock:    clk_62M5_bufg rising at 16.000ns
  Clock Uncertainty:    0.332ns

  Clock Uncertainty:          0.332ns  ((TSJ^2 + DJ^2)^1/2) / 2 + PE
    Total System Jitter (TSJ):  0.070ns
    Discrete Jitter (DJ):       0.202ns
    Phase Error (PE):           0.224ns

  Maximum Data Path at Slow Process Corner: TIM_1MS_CrossDomain/FlagToggle_clkA to TIM_1MS_CrossDomain/Mshreg_SyncA_clkB_1
    Location             Delay type         Delay(ns)  Physical Resource
                                                       Logical Resource(s)
    -------------------------------------------------  -------------------
    SLICE_X9Y30.AQ       Tcko                  0.430   TIM_1MS_CrossDomain/FlagToggle_clkA
                                                       TIM_1MS_CrossDomain/FlagToggle_clkA
    SLICE_X8Y24.AI       net (fanout=2)        0.776   TIM_1MS_CrossDomain/FlagToggle_clkA
    SLICE_X8Y24.CLK      Tds                   0.062   TIM_1MS_CrossDomain/SyncA_clkB<2>
                                                       TIM_1MS_CrossDomain/Mshreg_SyncA_clkB_1
    -------------------------------------------------  ---------------------------
    Total                                      1.268ns (0.492ns logic, 0.776ns route)
                                                       (38.8% logic, 61.2% route)

--------------------------------------------------------------------------------

Paths for end point gen_rx[3].oddr2_data_fwd (OLOGIC_X10Y3.D2), 1 path
--------------------------------------------------------------------------------
Slack (setup path):     4.211ns (requirement - (data path - clock path skew + uncertainty))
  Source:               data_sync_fwd_3 (FF)
  Destination:          gen_rx[3].oddr2_data_fwd (FF)
  Requirement:          8.000ns
  Data Path Delay:      4.295ns (Levels of Logic = 0)
  Clock Path Skew:      0.541ns (1.158 - 0.617)
  Source Clock:         clk_62M5_bufg rising at 0.000ns
  Destination Clock:    clk_62M5_bufg falling at 8.000ns
  Clock Uncertainty:    0.035ns

  Clock Uncertainty:          0.035ns  ((TSJ^2 + TIJ^2)^1/2 + DJ) / 2 + PE
    Total System Jitter (TSJ):  0.070ns
    Total Input Jitter (TIJ):   0.000ns
    Discrete Jitter (DJ):       0.000ns
    Phase Error (PE):           0.000ns

  Maximum Data Path at Slow Process Corner: data_sync_fwd_3 to gen_rx[3].oddr2_data_fwd
    Location             Delay type         Delay(ns)  Physical Resource
                                                       Logical Resource(s)
    -------------------------------------------------  -------------------
    SLICE_X13Y21.BQ      Tcko                  0.430   gen_rx[5].Data_FIFO/U0/xst_fifo_generator/gaxis_fifo.gaxisf.axisf/grf.rf/rstblk/rd_rst_asreg
                                                       data_sync_fwd_3
    OLOGIC_X10Y3.D2      net (fanout=12)       2.896   data_sync_fwd_3
    OLOGIC_X10Y3.CLK1    Todck                 0.969   fwd_data_oddr<3>
                                                       gen_rx[3].oddr2_data_fwd
    -------------------------------------------------  ---------------------------
    Total                                      4.295ns (1.399ns logic, 2.896ns route)
                                                       (32.6% logic, 67.4% route)

--------------------------------------------------------------------------------

Paths for end point gen_rx[6].oddr2_data_fwd (OLOGIC_X11Y1.D2), 1 path
--------------------------------------------------------------------------------
Slack (setup path):     4.275ns (requirement - (data path - clock path skew + uncertainty))
  Source:               data_sync_fwd_3 (FF)
  Destination:          gen_rx[6].oddr2_data_fwd (FF)
  Requirement:          8.000ns
  Data Path Delay:      4.231ns (Levels of Logic = 0)
  Clock Path Skew:      0.541ns (1.158 - 0.617)
  Source Clock:         clk_62M5_bufg rising at 0.000ns
  Destination Clock:    clk_62M5_bufg falling at 8.000ns
  Clock Uncertainty:    0.035ns

  Clock Uncertainty:          0.035ns  ((TSJ^2 + TIJ^2)^1/2 + DJ) / 2 + PE
    Total System Jitter (TSJ):  0.070ns
    Total Input Jitter (TIJ):   0.000ns
    Discrete Jitter (DJ):       0.000ns
    Phase Error (PE):           0.000ns

  Maximum Data Path at Slow Process Corner: data_sync_fwd_3 to gen_rx[6].oddr2_data_fwd
    Location             Delay type         Delay(ns)  Physical Resource
                                                       Logical Resource(s)
    -------------------------------------------------  -------------------
    SLICE_X13Y21.BQ      Tcko                  0.430   gen_rx[5].Data_FIFO/U0/xst_fifo_generator/gaxis_fifo.gaxisf.axisf/grf.rf/rstblk/rd_rst_asreg
                                                       data_sync_fwd_3
    OLOGIC_X11Y1.D2      net (fanout=12)       2.832   data_sync_fwd_3
    OLOGIC_X11Y1.CLK1    Todck                 0.969   fwd_data_oddr<6>
                                                       gen_rx[6].oddr2_data_fwd
    -------------------------------------------------  ---------------------------
    Total                                      4.231ns (1.399ns logic, 2.832ns route)
                                                       (33.1% logic, 66.9% route)

--------------------------------------------------------------------------------

Hold Paths: TS_WR_CLK_IN_P = PERIOD TIMEGRP "WR_CLK_IN_P" 62.5 MHz HIGH 50%;
--------------------------------------------------------------------------------

Paths for end point ALL_CHANNEL_DATA/U0/xst_fifo_generator/gaxis_fifo.gaxisf.axisf/grf.rf/gntv_or_sync_fifo.mem/gbm.gbmg.gbmga.ngecc.bmg/gnativebmg.native_blk_mem_gen/valid.cstr/ramloop[2].ram.r/s6_noinit.ram/SDP.SIMPLE_PRIM18.ram (RAMB16_X1Y18.DIA21), 1 path
--------------------------------------------------------------------------------
Slack (hold path):      0.297ns (requirement - (clock path skew + uncertainty - data path))
  Source:               S_FULL_DATA_95 (FF)
  Destination:          ALL_CHANNEL_DATA/U0/xst_fifo_generator/gaxis_fifo.gaxisf.axisf/grf.rf/gntv_or_sync_fifo.mem/gbm.gbmg.gbmga.ngecc.bmg/gnativebmg.native_blk_mem_gen/valid.cstr/ramloop[2].ram.r/s6_noinit.ram/SDP.SIMPLE_PRIM18.ram (RAM)
  Requirement:          0.000ns
  Data Path Delay:      0.304ns (Levels of Logic = 0)
  Clock Path Skew:      0.007ns (0.070 - 0.063)
  Source Clock:         clk_62M5_bufg rising at 16.000ns
  Destination Clock:    clk_62M5_bufg rising at 16.000ns
  Clock Uncertainty:    0.000ns

  Minimum Data Path at Fast Process Corner: S_FULL_DATA_95 to ALL_CHANNEL_DATA/U0/xst_fifo_generator/gaxis_fifo.gaxisf.axisf/grf.rf/gntv_or_sync_fifo.mem/gbm.gbmg.gbmga.ngecc.bmg/gnativebmg.native_blk_mem_gen/valid.cstr/ramloop[2].ram.r/s6_noinit.ram/SDP.SIMPLE_PRIM18.ram
    Location             Delay type         Delay(ns)  Physical Resource
                                                       Logical Resource(s)
    -------------------------------------------------  -------------------
    SLICE_X17Y38.AQ      Tcko                  0.198   S_FULL_DATA<98>
                                                       S_FULL_DATA_95
    RAMB16_X1Y18.DIA21   net (fanout=1)        0.159   S_FULL_DATA<95>
    RAMB16_X1Y18.CLKA    Trckd_DIA   (-Th)     0.053   ALL_CHANNEL_DATA/U0/xst_fifo_generator/gaxis_fifo.gaxisf.axisf/grf.rf/gntv_or_sync_fifo.mem/gbm.gbmg.gbmga.ngecc.bmg/gnativebmg.native_blk_mem_gen/valid.cstr/ramloop[2].ram.r/s6_noinit.ram/SDP.SIMPLE_PRIM18.ram
                                                       ALL_CHANNEL_DATA/U0/xst_fifo_generator/gaxis_fifo.gaxisf.axisf/grf.rf/gntv_or_sync_fifo.mem/gbm.gbmg.gbmga.ngecc.bmg/gnativebmg.native_blk_mem_gen/valid.cstr/ramloop[2].ram.r/s6_noinit.ram/SDP.SIMPLE_PRIM18.ram
    -------------------------------------------------  ---------------------------
    Total                                      0.304ns (0.145ns logic, 0.159ns route)
                                                       (47.7% logic, 52.3% route)

--------------------------------------------------------------------------------

Paths for end point ALL_CHANNEL_DATA/U0/xst_fifo_generator/gaxis_fifo.gaxisf.axisf/grf.rf/gntv_or_sync_fifo.mem/gbm.gbmg.gbmga.ngecc.bmg/gnativebmg.native_blk_mem_gen/valid.cstr/ramloop[2].ram.r/s6_noinit.ram/SDP.SIMPLE_PRIM18.ram (RAMB16_X1Y18.DIA22), 1 path
--------------------------------------------------------------------------------
Slack (hold path):      0.297ns (requirement - (clock path skew + uncertainty - data path))
  Source:               S_FULL_DATA_96 (FF)
  Destination:          ALL_CHANNEL_DATA/U0/xst_fifo_generator/gaxis_fifo.gaxisf.axisf/grf.rf/gntv_or_sync_fifo.mem/gbm.gbmg.gbmga.ngecc.bmg/gnativebmg.native_blk_mem_gen/valid.cstr/ramloop[2].ram.r/s6_noinit.ram/SDP.SIMPLE_PRIM18.ram (RAM)
  Requirement:          0.000ns
  Data Path Delay:      0.304ns (Levels of Logic = 0)
  Clock Path Skew:      0.007ns (0.070 - 0.063)
  Source Clock:         clk_62M5_bufg rising at 16.000ns
  Destination Clock:    clk_62M5_bufg rising at 16.000ns
  Clock Uncertainty:    0.000ns

  Minimum Data Path at Fast Process Corner: S_FULL_DATA_96 to ALL_CHANNEL_DATA/U0/xst_fifo_generator/gaxis_fifo.gaxisf.axisf/grf.rf/gntv_or_sync_fifo.mem/gbm.gbmg.gbmga.ngecc.bmg/gnativebmg.native_blk_mem_gen/valid.cstr/ramloop[2].ram.r/s6_noinit.ram/SDP.SIMPLE_PRIM18.ram
    Location             Delay type         Delay(ns)  Physical Resource
                                                       Logical Resource(s)
    -------------------------------------------------  -------------------
    SLICE_X17Y38.BQ      Tcko                  0.198   S_FULL_DATA<98>
                                                       S_FULL_DATA_96
    RAMB16_X1Y18.DIA22   net (fanout=1)        0.159   S_FULL_DATA<96>
    RAMB16_X1Y18.CLKA    Trckd_DIA   (-Th)     0.053   ALL_CHANNEL_DATA/U0/xst_fifo_generator/gaxis_fifo.gaxisf.axisf/grf.rf/gntv_or_sync_fifo.mem/gbm.gbmg.gbmga.ngecc.bmg/gnativebmg.native_blk_mem_gen/valid.cstr/ramloop[2].ram.r/s6_noinit.ram/SDP.SIMPLE_PRIM18.ram
                                                       ALL_CHANNEL_DATA/U0/xst_fifo_generator/gaxis_fifo.gaxisf.axisf/grf.rf/gntv_or_sync_fifo.mem/gbm.gbmg.gbmga.ngecc.bmg/gnativebmg.native_blk_mem_gen/valid.cstr/ramloop[2].ram.r/s6_noinit.ram/SDP.SIMPLE_PRIM18.ram
    -------------------------------------------------  ---------------------------
    Total                                      0.304ns (0.145ns logic, 0.159ns route)
                                                       (47.7% logic, 52.3% route)

--------------------------------------------------------------------------------

Paths for end point gen_rx[6].fifo_tdc_config/U0/xst_fifo_generator/gconvfifo.rf/grf.rf/gntv_or_sync_fifo.mem/gbm.gbmg.gbmga.ngecc.bmg/gnativebmg.native_blk_mem_gen/valid.cstr/ramloop[0].ram.r/s6_noinit.ram/SDP.WIDE_PRIM9.ram (RAMB8_X0Y13.ADDRBRDADDR7), 1 path
--------------------------------------------------------------------------------
Slack (hold path):      0.299ns (requirement - (clock path skew + uncertainty - data path))
  Source:               gen_rx[6].fifo_tdc_config/U0/xst_fifo_generator/gconvfifo.rf/grf.rf/gntv_or_sync_fifo.gl0.rd/rpntr/gc0.count_d1_2 (FF)
  Destination:          gen_rx[6].fifo_tdc_config/U0/xst_fifo_generator/gconvfifo.rf/grf.rf/gntv_or_sync_fifo.mem/gbm.gbmg.gbmga.ngecc.bmg/gnativebmg.native_blk_mem_gen/valid.cstr/ramloop[0].ram.r/s6_noinit.ram/SDP.WIDE_PRIM9.ram (RAM)
  Requirement:          0.000ns
  Data Path Delay:      0.301ns (Levels of Logic = 0)
  Clock Path Skew:      0.002ns (0.113 - 0.111)
  Source Clock:         clk_62M5_bufg rising at 16.000ns
  Destination Clock:    clk_62M5_bufg rising at 16.000ns
  Clock Uncertainty:    0.000ns

  Minimum Data Path at Fast Process Corner: gen_rx[6].fifo_tdc_config/U0/xst_fifo_generator/gconvfifo.rf/grf.rf/gntv_or_sync_fifo.gl0.rd/rpntr/gc0.count_d1_2 to gen_rx[6].fifo_tdc_config/U0/xst_fifo_generator/gconvfifo.rf/grf.rf/gntv_or_sync_fifo.mem/gbm.gbmg.gbmga.ngecc.bmg/gnativebmg.native_blk_mem_gen/valid.cstr/ramloop[0].ram.r/s6_noinit.ram/SDP.WIDE_PRIM9.ram
    Location                 Delay type         Delay(ns)  Physical Resource
                                                           Logical Resource(s)
    -----------------------------------------------------  -------------------
    SLICE_X2Y26.BQ           Tcko                  0.200   gen_rx[6].fifo_tdc_config/U0/xst_fifo_generator/gconvfifo.rf/grf.rf/gntv_or_sync_fifo.gl0.rd/rpntr/gc0.count_d1<3>
                                                           gen_rx[6].fifo_tdc_config/U0/xst_fifo_generator/gconvfifo.rf/grf.rf/gntv_or_sync_fifo.gl0.rd/rpntr/gc0.count_d1_2
    RAMB8_X0Y13.ADDRBRDADDR7 net (fanout=4)        0.167   gen_rx[6].fifo_tdc_config/U0/xst_fifo_generator/gconvfifo.rf/grf.rf/gntv_or_sync_fifo.gl0.rd/rpntr/gc0.count_d1<2>
    RAMB8_X0Y13.CLKBRDCLK    Trckc_ADDRB (-Th)     0.066   gen_rx[6].fifo_tdc_config/U0/xst_fifo_generator/gconvfifo.rf/grf.rf/gntv_or_sync_fifo.mem/gbm.gbmg.gbmga.ngecc.bmg/gnativebmg.native_blk_mem_gen/valid.cstr/ramloop[0].ram.r/s6_noinit.ram/SDP.WIDE_PRIM9.ram
                                                           gen_rx[6].fifo_tdc_config/U0/xst_fifo_generator/gconvfifo.rf/grf.rf/gntv_or_sync_fifo.mem/gbm.gbmg.gbmga.ngecc.bmg/gnativebmg.native_blk_mem_gen/valid.cstr/ramloop[0].ram.r/s6_noinit.ram/SDP.WIDE_PRIM9.ram
    -----------------------------------------------------  ---------------------------
    Total                                          0.301ns (0.134ns logic, 0.167ns route)
                                                           (44.5% logic, 55.5% route)

--------------------------------------------------------------------------------

Component Switching Limit Checks: TS_WR_CLK_IN_P = PERIOD TIMEGRP "WR_CLK_IN_P" 62.5 MHz HIGH 50%;
--------------------------------------------------------------------------------
Slack: 12.430ns (period - min period limit)
  Period: 16.000ns
  Min period limit: 3.570ns (280.112MHz) (Trper_CLKB(Fmax))
  Physical resource: ila_0_inst/U0/I_NO_D.U_ILA/U_CAPSTOR/I_CASE1.I_YES_TB.U_TRACE_BUFFER/U_RAM/I_S6.U_CS_BRAM_CASCADE_S6/I_DEPTH_LTEQ_16K.U_SBRAM_0/I_B18KGT0.G_RAMB18[2].u_ramb18/U_RAMB18/CLKB
  Logical resource: ila_0_inst/U0/I_NO_D.U_ILA/U_CAPSTOR/I_CASE1.I_YES_TB.U_TRACE_BUFFER/U_RAM/I_S6.U_CS_BRAM_CASCADE_S6/I_DEPTH_LTEQ_16K.U_SBRAM_0/I_B18KGT0.G_RAMB18[2].u_ramb18/U_RAMB18/CLKB
  Location pin: RAMB16_X0Y6.CLKB
  Clock network: clk_62M5_bufg
--------------------------------------------------------------------------------
Slack: 12.430ns (period - min period limit)
  Period: 16.000ns
  Min period limit: 3.570ns (280.112MHz) (Trper_CLKB(Fmax))
  Physical resource: ila_0_inst/U0/I_NO_D.U_ILA/U_CAPSTOR/I_CASE1.I_YES_TB.U_TRACE_BUFFER/U_RAM/I_S6.U_CS_BRAM_CASCADE_S6/I_DEPTH_LTEQ_16K.U_SBRAM_0/I_B18KGT0.G_RAMB18[0].u_ramb18/U_RAMB18/CLKB
  Logical resource: ila_0_inst/U0/I_NO_D.U_ILA/U_CAPSTOR/I_CASE1.I_YES_TB.U_TRACE_BUFFER/U_RAM/I_S6.U_CS_BRAM_CASCADE_S6/I_DEPTH_LTEQ_16K.U_SBRAM_0/I_B18KGT0.G_RAMB18[0].u_ramb18/U_RAMB18/CLKB
  Location pin: RAMB16_X0Y4.CLKB
  Clock network: clk_62M5_bufg
--------------------------------------------------------------------------------
Slack: 12.430ns (period - min period limit)
  Period: 16.000ns
  Min period limit: 3.570ns (280.112MHz) (Trper_CLKB(Fmax))
  Physical resource: ila_0_inst/U0/I_NO_D.U_ILA/U_CAPSTOR/I_CASE1.I_YES_TB.U_TRACE_BUFFER/U_RAM/I_S6.U_CS_BRAM_CASCADE_S6/I_DEPTH_LTEQ_16K.U_SBRAM_0/I_B18KGT0.G_RAMB18[3].u_ramb18/U_RAMB18/CLKB
  Logical resource: ila_0_inst/U0/I_NO_D.U_ILA/U_CAPSTOR/I_CASE1.I_YES_TB.U_TRACE_BUFFER/U_RAM/I_S6.U_CS_BRAM_CASCADE_S6/I_DEPTH_LTEQ_16K.U_SBRAM_0/I_B18KGT0.G_RAMB18[3].u_ramb18/U_RAMB18/CLKB
  Location pin: RAMB16_X0Y8.CLKB
  Clock network: clk_62M5_bufg
--------------------------------------------------------------------------------

================================================================================
Timing constraint: TS_clk_to_pll0 = PERIOD TIMEGRP "clk_to_pll0" TS_WR_CLK_IN_P 
HIGH 50%;
For more information, see Period Analysis in the Timing Closure User Guide (UG612).

 0 paths analyzed, 0 endpoints analyzed, 0 failing endpoints
 0 timing errors detected. (0 component switching limit errors)
 Minimum period is   5.000ns.
--------------------------------------------------------------------------------

Component Switching Limit Checks: TS_clk_to_pll0 = PERIOD TIMEGRP "clk_to_pll0" TS_WR_CLK_IN_P HIGH 50%;
--------------------------------------------------------------------------------
Slack: 2.948ns (period - min period limit)
  Period: 4.000ns
  Min period limit: 1.052ns (950.570MHz) (Tpllper_CLKOUT(Foutmax))
  Physical resource: PLL_BASE_0/PLL_ADV/CLKOUT0
  Logical resource: PLL_BASE_0/PLL_ADV/CLKOUT0
  Location pin: PLL_ADV_X0Y1.CLKOUT0
  Clock network: clk_250M_pll
--------------------------------------------------------------------------------
Slack: 11.000ns (period - (min low pulse limit / (low pulse / period)))
  Period: 16.000ns
  Low pulse: 8.000ns
  Low pulse limit: 2.500ns (Tdcmpw_CLKIN_50_100)
  Physical resource: PLL_BASE_0/PLL_ADV/CLKIN1
  Logical resource: PLL_BASE_0/PLL_ADV/CLKIN1
  Location pin: PLL_ADV_X0Y1.CLKIN1
  Clock network: clk_to_pll0
--------------------------------------------------------------------------------
Slack: 11.000ns (period - (min high pulse limit / (high pulse / period)))
  Period: 16.000ns
  High pulse: 8.000ns
  High pulse limit: 2.500ns (Tdcmpw_CLKIN_50_100)
  Physical resource: PLL_BASE_0/PLL_ADV/CLKIN1
  Logical resource: PLL_BASE_0/PLL_ADV/CLKIN1
  Location pin: PLL_ADV_X0Y1.CLKIN1
  Clock network: clk_to_pll0
--------------------------------------------------------------------------------

================================================================================
Timing constraint: TS_clk_62M5_pll = PERIOD TIMEGRP "clk_62M5_pll" 
TS_clk_to_pll0 HIGH 50%;
For more information, see Period Analysis in the Timing Closure User Guide (UG612).

 112870 paths analyzed, 7969 endpoints analyzed, 45 failing endpoints
 45 timing errors detected. (45 setup errors, 0 hold errors, 0 component switching limit errors)
 Minimum period is  23.404ns.
--------------------------------------------------------------------------------

Paths for end point gen_rx[4].master_rx_channel0/rx_shift_reg_0 (SLICE_X1Y59.AX), 7 paths
--------------------------------------------------------------------------------
Slack (setup path):     -1.851ns (requirement - (data path - clock path skew + uncertainty))
  Source:               gen_rx[4].master_rx_channel0/u_iserdes_s6 (FF)
  Destination:          gen_rx[4].master_rx_channel0/rx_shift_reg_0 (FF)
  Requirement:          4.000ns
  Data Path Delay:      4.309ns (Levels of Logic = 2)(Component delays alone exceeds constraint)
  Clock Path Skew:      -1.301ns (1.560 - 2.861)
  Source Clock:         clk_250M rising at 12.000ns
  Destination Clock:    clk_62M5 rising at 16.000ns
  Clock Uncertainty:    0.241ns

  Clock Uncertainty:          0.241ns  ((TSJ^2 + DJ^2)^1/2) / 2 + PE
    Total System Jitter (TSJ):  0.070ns
    Discrete Jitter (DJ):       0.231ns
    Phase Error (PE):           0.120ns

  Maximum Data Path at Slow Process Corner: gen_rx[4].master_rx_channel0/u_iserdes_s6 to gen_rx[4].master_rx_channel0/rx_shift_reg_0
    Location             Delay type         Delay(ns)  Physical Resource
                                                       Logical Resource(s)
    -------------------------------------------------  -------------------
    ILOGIC_X2Y61.Q2      Tiscko_Q              2.015   gen_rx[4].master_rx_channel0/u_iserdes_s6
                                                       gen_rx[4].master_rx_channel0/u_iserdes_s6
    SLICE_X0Y61.C3       net (fanout=2)        0.616   gen_rx[4].master_rx_channel0/oversample_data<1>
    SLICE_X0Y61.C        Tilo                  0.255   gen_rx[2].master_rx_channel0/rx_shift_reg<3>
                                                       gen_rx[4].master_rx_channel0/_n1438<11>21
    SLICE_X0Y61.B4       net (fanout=4)        0.317   gen_rx[4].master_rx_channel0/_n1438<11>_bdd3
    SLICE_X0Y61.B        Tilo                  0.254   gen_rx[2].master_rx_channel0/rx_shift_reg<3>
                                                       gen_rx[4].master_rx_channel0/selected_bit1
    SLICE_X1Y59.AX       net (fanout=2)        0.738   gen_rx[4].master_rx_channel0/selected_bit
    SLICE_X1Y59.CLK      Tdick                 0.114   gen_rx[4].master_rx_channel0/rx_shift_reg<3>
                                                       gen_rx[4].master_rx_channel0/rx_shift_reg_0
    -------------------------------------------------  ---------------------------
    Total                                      4.309ns (2.638ns logic, 1.671ns route)
                                                       (61.2% logic, 38.8% route)

--------------------------------------------------------------------------------
Slack (setup path):     -1.803ns (requirement - (data path - clock path skew + uncertainty))
  Source:               gen_rx[4].master_rx_channel0/u_iserdes_s6 (FF)
  Destination:          gen_rx[4].master_rx_channel0/rx_shift_reg_0 (FF)
  Requirement:          4.000ns
  Data Path Delay:      4.261ns (Levels of Logic = 2)(Component delays alone exceeds constraint)
  Clock Path Skew:      -1.301ns (1.560 - 2.861)
  Source Clock:         clk_250M rising at 12.000ns
  Destination Clock:    clk_62M5 rising at 16.000ns
  Clock Uncertainty:    0.241ns

  Clock Uncertainty:          0.241ns  ((TSJ^2 + DJ^2)^1/2) / 2 + PE
    Total System Jitter (TSJ):  0.070ns
    Discrete Jitter (DJ):       0.231ns
    Phase Error (PE):           0.120ns

  Maximum Data Path at Slow Process Corner: gen_rx[4].master_rx_channel0/u_iserdes_s6 to gen_rx[4].master_rx_channel0/rx_shift_reg_0
    Location             Delay type         Delay(ns)  Physical Resource
                                                       Logical Resource(s)
    -------------------------------------------------  -------------------
    ILOGIC_X2Y61.Q3      Tiscko_Q              2.015   gen_rx[4].master_rx_channel0/u_iserdes_s6
                                                       gen_rx[4].master_rx_channel0/u_iserdes_s6
    SLICE_X0Y61.C4       net (fanout=2)        0.568   gen_rx[4].master_rx_channel0/oversample_data<2>
    SLICE_X0Y61.C        Tilo                  0.255   gen_rx[2].master_rx_channel0/rx_shift_reg<3>
                                                       gen_rx[4].master_rx_channel0/_n1438<11>21
    SLICE_X0Y61.B4       net (fanout=4)        0.317   gen_rx[4].master_rx_channel0/_n1438<11>_bdd3
    SLICE_X0Y61.B        Tilo                  0.254   gen_rx[2].master_rx_channel0/rx_shift_reg<3>
                                                       gen_rx[4].master_rx_channel0/selected_bit1
    SLICE_X1Y59.AX       net (fanout=2)        0.738   gen_rx[4].master_rx_channel0/selected_bit
    SLICE_X1Y59.CLK      Tdick                 0.114   gen_rx[4].master_rx_channel0/rx_shift_reg<3>
                                                       gen_rx[4].master_rx_channel0/rx_shift_reg_0
    -------------------------------------------------  ---------------------------
    Total                                      4.261ns (2.638ns logic, 1.623ns route)
                                                       (61.9% logic, 38.1% route)

--------------------------------------------------------------------------------
Slack (setup path):     -1.683ns (requirement - (data path - clock path skew + uncertainty))
  Source:               gen_rx[4].master_rx_channel0/u_iserdes_s6 (FF)
  Destination:          gen_rx[4].master_rx_channel0/rx_shift_reg_0 (FF)
  Requirement:          4.000ns
  Data Path Delay:      4.141ns (Levels of Logic = 2)(Component delays alone exceeds constraint)
  Clock Path Skew:      -1.301ns (1.560 - 2.861)
  Source Clock:         clk_250M rising at 12.000ns
  Destination Clock:    clk_62M5 rising at 16.000ns
  Clock Uncertainty:    0.241ns

  Clock Uncertainty:          0.241ns  ((TSJ^2 + DJ^2)^1/2) / 2 + PE
    Total System Jitter (TSJ):  0.070ns
    Discrete Jitter (DJ):       0.231ns
    Phase Error (PE):           0.120ns

  Maximum Data Path at Slow Process Corner: gen_rx[4].master_rx_channel0/u_iserdes_s6 to gen_rx[4].master_rx_channel0/rx_shift_reg_0
    Location             Delay type         Delay(ns)  Physical Resource
                                                       Logical Resource(s)
    -------------------------------------------------  -------------------
    ILOGIC_X2Y61.Q1      Tiscko_Q              2.015   gen_rx[4].master_rx_channel0/u_iserdes_s6
                                                       gen_rx[4].master_rx_channel0/u_iserdes_s6
    SLICE_X0Y61.C5       net (fanout=2)        0.448   gen_rx[4].master_rx_channel0/oversample_data<0>
    SLICE_X0Y61.C        Tilo                  0.255   gen_rx[2].master_rx_channel0/rx_shift_reg<3>
                                                       gen_rx[4].master_rx_channel0/_n1438<11>21
    SLICE_X0Y61.B4       net (fanout=4)        0.317   gen_rx[4].master_rx_channel0/_n1438<11>_bdd3
    SLICE_X0Y61.B        Tilo                  0.254   gen_rx[2].master_rx_channel0/rx_shift_reg<3>
                                                       gen_rx[4].master_rx_channel0/selected_bit1
    SLICE_X1Y59.AX       net (fanout=2)        0.738   gen_rx[4].master_rx_channel0/selected_bit
    SLICE_X1Y59.CLK      Tdick                 0.114   gen_rx[4].master_rx_channel0/rx_shift_reg<3>
                                                       gen_rx[4].master_rx_channel0/rx_shift_reg_0
    -------------------------------------------------  ---------------------------
    Total                                      4.141ns (2.638ns logic, 1.503ns route)
                                                       (63.7% logic, 36.3% route)

--------------------------------------------------------------------------------

Paths for end point gen_rx[4].master_rx_channel0/payload_shift_0 (SLICE_X1Y60.AX), 7 paths
--------------------------------------------------------------------------------
Slack (setup path):     -1.749ns (requirement - (data path - clock path skew + uncertainty))
  Source:               gen_rx[4].master_rx_channel0/u_iserdes_s6 (FF)
  Destination:          gen_rx[4].master_rx_channel0/payload_shift_0 (FF)
  Requirement:          4.000ns
  Data Path Delay:      4.209ns (Levels of Logic = 2)(Component delays alone exceeds constraint)
  Clock Path Skew:      -1.299ns (1.562 - 2.861)
  Source Clock:         clk_250M rising at 12.000ns
  Destination Clock:    clk_62M5 rising at 16.000ns
  Clock Uncertainty:    0.241ns

  Clock Uncertainty:          0.241ns  ((TSJ^2 + DJ^2)^1/2) / 2 + PE
    Total System Jitter (TSJ):  0.070ns
    Discrete Jitter (DJ):       0.231ns
    Phase Error (PE):           0.120ns

  Maximum Data Path at Slow Process Corner: gen_rx[4].master_rx_channel0/u_iserdes_s6 to gen_rx[4].master_rx_channel0/payload_shift_0
    Location             Delay type         Delay(ns)  Physical Resource
                                                       Logical Resource(s)
    -------------------------------------------------  -------------------
    ILOGIC_X2Y61.Q2      Tiscko_Q              2.015   gen_rx[4].master_rx_channel0/u_iserdes_s6
                                                       gen_rx[4].master_rx_channel0/u_iserdes_s6
    SLICE_X0Y61.C3       net (fanout=2)        0.616   gen_rx[4].master_rx_channel0/oversample_data<1>
    SLICE_X0Y61.C        Tilo                  0.255   gen_rx[2].master_rx_channel0/rx_shift_reg<3>
                                                       gen_rx[4].master_rx_channel0/_n1438<11>21
    SLICE_X0Y61.B4       net (fanout=4)        0.317   gen_rx[4].master_rx_channel0/_n1438<11>_bdd3
    SLICE_X0Y61.B        Tilo                  0.254   gen_rx[2].master_rx_channel0/rx_shift_reg<3>
                                                       gen_rx[4].master_rx_channel0/selected_bit1
    SLICE_X1Y60.AX       net (fanout=2)        0.638   gen_rx[4].master_rx_channel0/selected_bit
    SLICE_X1Y60.CLK      Tdick                 0.114   gen_rx[4].master_rx_channel0/payload_shift<3>
                                                       gen_rx[4].master_rx_channel0/payload_shift_0
    -------------------------------------------------  ---------------------------
    Total                                      4.209ns (2.638ns logic, 1.571ns route)
                                                       (62.7% logic, 37.3% route)

--------------------------------------------------------------------------------
Slack (setup path):     -1.701ns (requirement - (data path - clock path skew + uncertainty))
  Source:               gen_rx[4].master_rx_channel0/u_iserdes_s6 (FF)
  Destination:          gen_rx[4].master_rx_channel0/payload_shift_0 (FF)
  Requirement:          4.000ns
  Data Path Delay:      4.161ns (Levels of Logic = 2)(Component delays alone exceeds constraint)
  Clock Path Skew:      -1.299ns (1.562 - 2.861)
  Source Clock:         clk_250M rising at 12.000ns
  Destination Clock:    clk_62M5 rising at 16.000ns
  Clock Uncertainty:    0.241ns

  Clock Uncertainty:          0.241ns  ((TSJ^2 + DJ^2)^1/2) / 2 + PE
    Total System Jitter (TSJ):  0.070ns
    Discrete Jitter (DJ):       0.231ns
    Phase Error (PE):           0.120ns

  Maximum Data Path at Slow Process Corner: gen_rx[4].master_rx_channel0/u_iserdes_s6 to gen_rx[4].master_rx_channel0/payload_shift_0
    Location             Delay type         Delay(ns)  Physical Resource
                                                       Logical Resource(s)
    -------------------------------------------------  -------------------
    ILOGIC_X2Y61.Q3      Tiscko_Q              2.015   gen_rx[4].master_rx_channel0/u_iserdes_s6
                                                       gen_rx[4].master_rx_channel0/u_iserdes_s6
    SLICE_X0Y61.C4       net (fanout=2)        0.568   gen_rx[4].master_rx_channel0/oversample_data<2>
    SLICE_X0Y61.C        Tilo                  0.255   gen_rx[2].master_rx_channel0/rx_shift_reg<3>
                                                       gen_rx[4].master_rx_channel0/_n1438<11>21
    SLICE_X0Y61.B4       net (fanout=4)        0.317   gen_rx[4].master_rx_channel0/_n1438<11>_bdd3
    SLICE_X0Y61.B        Tilo                  0.254   gen_rx[2].master_rx_channel0/rx_shift_reg<3>
                                                       gen_rx[4].master_rx_channel0/selected_bit1
    SLICE_X1Y60.AX       net (fanout=2)        0.638   gen_rx[4].master_rx_channel0/selected_bit
    SLICE_X1Y60.CLK      Tdick                 0.114   gen_rx[4].master_rx_channel0/payload_shift<3>
                                                       gen_rx[4].master_rx_channel0/payload_shift_0
    -------------------------------------------------  ---------------------------
    Total                                      4.161ns (2.638ns logic, 1.523ns route)
                                                       (63.4% logic, 36.6% route)

--------------------------------------------------------------------------------
Slack (setup path):     -1.581ns (requirement - (data path - clock path skew + uncertainty))
  Source:               gen_rx[4].master_rx_channel0/u_iserdes_s6 (FF)
  Destination:          gen_rx[4].master_rx_channel0/payload_shift_0 (FF)
  Requirement:          4.000ns
  Data Path Delay:      4.041ns (Levels of Logic = 2)(Component delays alone exceeds constraint)
  Clock Path Skew:      -1.299ns (1.562 - 2.861)
  Source Clock:         clk_250M rising at 12.000ns
  Destination Clock:    clk_62M5 rising at 16.000ns
  Clock Uncertainty:    0.241ns

  Clock Uncertainty:          0.241ns  ((TSJ^2 + DJ^2)^1/2) / 2 + PE
    Total System Jitter (TSJ):  0.070ns
    Discrete Jitter (DJ):       0.231ns
    Phase Error (PE):           0.120ns

  Maximum Data Path at Slow Process Corner: gen_rx[4].master_rx_channel0/u_iserdes_s6 to gen_rx[4].master_rx_channel0/payload_shift_0
    Location             Delay type         Delay(ns)  Physical Resource
                                                       Logical Resource(s)
    -------------------------------------------------  -------------------
    ILOGIC_X2Y61.Q1      Tiscko_Q              2.015   gen_rx[4].master_rx_channel0/u_iserdes_s6
                                                       gen_rx[4].master_rx_channel0/u_iserdes_s6
    SLICE_X0Y61.C5       net (fanout=2)        0.448   gen_rx[4].master_rx_channel0/oversample_data<0>
    SLICE_X0Y61.C        Tilo                  0.255   gen_rx[2].master_rx_channel0/rx_shift_reg<3>
                                                       gen_rx[4].master_rx_channel0/_n1438<11>21
    SLICE_X0Y61.B4       net (fanout=4)        0.317   gen_rx[4].master_rx_channel0/_n1438<11>_bdd3
    SLICE_X0Y61.B        Tilo                  0.254   gen_rx[2].master_rx_channel0/rx_shift_reg<3>
                                                       gen_rx[4].master_rx_channel0/selected_bit1
    SLICE_X1Y60.AX       net (fanout=2)        0.638   gen_rx[4].master_rx_channel0/selected_bit
    SLICE_X1Y60.CLK      Tdick                 0.114   gen_rx[4].master_rx_channel0/payload_shift<3>
                                                       gen_rx[4].master_rx_channel0/payload_shift_0
    -------------------------------------------------  ---------------------------
    Total                                      4.041ns (2.638ns logic, 1.403ns route)
                                                       (65.3% logic, 34.7% route)

--------------------------------------------------------------------------------

Paths for end point gen_rx[3].master_rx_channel1/payload_shift_0 (SLICE_X18Y4.AX), 7 paths
--------------------------------------------------------------------------------
Slack (setup path):     -1.637ns (requirement - (data path - clock path skew + uncertainty))
  Source:               gen_rx[3].master_rx_channel1/u_iserdes_s6 (FF)
  Destination:          gen_rx[3].master_rx_channel1/payload_shift_0 (FF)
  Requirement:          4.000ns
  Data Path Delay:      4.093ns (Levels of Logic = 2)(Component delays alone exceeds constraint)
  Clock Path Skew:      -1.303ns (1.516 - 2.819)
  Source Clock:         clk_250M rising at 12.000ns
  Destination Clock:    clk_62M5 rising at 16.000ns
  Clock Uncertainty:    0.241ns

  Clock Uncertainty:          0.241ns  ((TSJ^2 + DJ^2)^1/2) / 2 + PE
    Total System Jitter (TSJ):  0.070ns
    Discrete Jitter (DJ):       0.231ns
    Phase Error (PE):           0.120ns

  Maximum Data Path at Slow Process Corner: gen_rx[3].master_rx_channel1/u_iserdes_s6 to gen_rx[3].master_rx_channel1/payload_shift_0
    Location             Delay type         Delay(ns)  Physical Resource
                                                       Logical Resource(s)
    -------------------------------------------------  -------------------
    ILOGIC_X9Y3.Q2       Tiscko_Q              2.015   gen_rx[3].master_rx_channel1/u_iserdes_s6
                                                       gen_rx[3].master_rx_channel1/u_iserdes_s6
    SLICE_X19Y3.B1       net (fanout=2)        0.738   gen_rx[3].master_rx_channel1/oversample_data<1>
    SLICE_X19Y3.B        Tilo                  0.259   gen_rx[3].master_rx_channel1/rx_shift_reg<3>
                                                       gen_rx[3].master_rx_channel1/_n1438<11>21
    SLICE_X19Y3.A5       net (fanout=4)        0.249   gen_rx[3].master_rx_channel1/_n1438<11>_bdd3
    SLICE_X19Y3.A        Tilo                  0.259   gen_rx[3].master_rx_channel1/rx_shift_reg<3>
                                                       gen_rx[3].master_rx_channel1/selected_bit1
    SLICE_X18Y4.AX       net (fanout=1)        0.459   gen_rx[3].master_rx_channel1/selected_bit
    SLICE_X18Y4.CLK      Tdick                 0.114   gen_rx[3].master_rx_channel1/payload_shift<3>
                                                       gen_rx[3].master_rx_channel1/payload_shift_0
    -------------------------------------------------  ---------------------------
    Total                                      4.093ns (2.647ns logic, 1.446ns route)
                                                       (64.7% logic, 35.3% route)

--------------------------------------------------------------------------------
Slack (setup path):     -1.465ns (requirement - (data path - clock path skew + uncertainty))
  Source:               gen_rx[3].master_rx_channel1/u_iserdes_s6 (FF)
  Destination:          gen_rx[3].master_rx_channel1/payload_shift_0 (FF)
  Requirement:          4.000ns
  Data Path Delay:      3.921ns (Levels of Logic = 2)(Component delays alone exceeds constraint)
  Clock Path Skew:      -1.303ns (1.516 - 2.819)
  Source Clock:         clk_250M rising at 12.000ns
  Destination Clock:    clk_62M5 rising at 16.000ns
  Clock Uncertainty:    0.241ns

  Clock Uncertainty:          0.241ns  ((TSJ^2 + DJ^2)^1/2) / 2 + PE
    Total System Jitter (TSJ):  0.070ns
    Discrete Jitter (DJ):       0.231ns
    Phase Error (PE):           0.120ns

  Maximum Data Path at Slow Process Corner: gen_rx[3].master_rx_channel1/u_iserdes_s6 to gen_rx[3].master_rx_channel1/payload_shift_0
    Location             Delay type         Delay(ns)  Physical Resource
                                                       Logical Resource(s)
    -------------------------------------------------  -------------------
    ILOGIC_X9Y3.Q4       Tiscko_Q              2.015   gen_rx[3].master_rx_channel1/u_iserdes_s6
                                                       gen_rx[3].master_rx_channel1/u_iserdes_s6
    SLICE_X19Y3.B4       net (fanout=2)        0.566   gen_rx[3].master_rx_channel1/oversample_data<3>
    SLICE_X19Y3.B        Tilo                  0.259   gen_rx[3].master_rx_channel1/rx_shift_reg<3>
                                                       gen_rx[3].master_rx_channel1/_n1438<11>21
    SLICE_X19Y3.A5       net (fanout=4)        0.249   gen_rx[3].master_rx_channel1/_n1438<11>_bdd3
    SLICE_X19Y3.A        Tilo                  0.259   gen_rx[3].master_rx_channel1/rx_shift_reg<3>
                                                       gen_rx[3].master_rx_channel1/selected_bit1
    SLICE_X18Y4.AX       net (fanout=1)        0.459   gen_rx[3].master_rx_channel1/selected_bit
    SLICE_X18Y4.CLK      Tdick                 0.114   gen_rx[3].master_rx_channel1/payload_shift<3>
                                                       gen_rx[3].master_rx_channel1/payload_shift_0
    -------------------------------------------------  ---------------------------
    Total                                      3.921ns (2.647ns logic, 1.274ns route)
                                                       (67.5% logic, 32.5% route)

--------------------------------------------------------------------------------
Slack (setup path):     -1.351ns (requirement - (data path - clock path skew + uncertainty))
  Source:               gen_rx[3].master_rx_channel1/u_iserdes_s6 (FF)
  Destination:          gen_rx[3].master_rx_channel1/payload_shift_0 (FF)
  Requirement:          4.000ns
  Data Path Delay:      3.807ns (Levels of Logic = 2)(Component delays alone exceeds constraint)
  Clock Path Skew:      -1.303ns (1.516 - 2.819)
  Source Clock:         clk_250M rising at 12.000ns
  Destination Clock:    clk_62M5 rising at 16.000ns
  Clock Uncertainty:    0.241ns

  Clock Uncertainty:          0.241ns  ((TSJ^2 + DJ^2)^1/2) / 2 + PE
    Total System Jitter (TSJ):  0.070ns
    Discrete Jitter (DJ):       0.231ns
    Phase Error (PE):           0.120ns

  Maximum Data Path at Slow Process Corner: gen_rx[3].master_rx_channel1/u_iserdes_s6 to gen_rx[3].master_rx_channel1/payload_shift_0
    Location             Delay type         Delay(ns)  Physical Resource
                                                       Logical Resource(s)
    -------------------------------------------------  -------------------
    ILOGIC_X9Y3.Q1       Tiscko_Q              2.015   gen_rx[3].master_rx_channel1/u_iserdes_s6
                                                       gen_rx[3].master_rx_channel1/u_iserdes_s6
    SLICE_X19Y3.B5       net (fanout=2)        0.452   gen_rx[3].master_rx_channel1/oversample_data<0>
    SLICE_X19Y3.B        Tilo                  0.259   gen_rx[3].master_rx_channel1/rx_shift_reg<3>
                                                       gen_rx[3].master_rx_channel1/_n1438<11>21
    SLICE_X19Y3.A5       net (fanout=4)        0.249   gen_rx[3].master_rx_channel1/_n1438<11>_bdd3
    SLICE_X19Y3.A        Tilo                  0.259   gen_rx[3].master_rx_channel1/rx_shift_reg<3>
                                                       gen_rx[3].master_rx_channel1/selected_bit1
    SLICE_X18Y4.AX       net (fanout=1)        0.459   gen_rx[3].master_rx_channel1/selected_bit
    SLICE_X18Y4.CLK      Tdick                 0.114   gen_rx[3].master_rx_channel1/payload_shift<3>
                                                       gen_rx[3].master_rx_channel1/payload_shift_0
    -------------------------------------------------  ---------------------------
    Total                                      3.807ns (2.647ns logic, 1.160ns route)
                                                       (69.5% logic, 30.5% route)

--------------------------------------------------------------------------------

Hold Paths: TS_clk_62M5_pll = PERIOD TIMEGRP "clk_62M5_pll" TS_clk_to_pll0 HIGH 50%;
--------------------------------------------------------------------------------

Paths for end point gen_rx[2].Data_FIFO/U0/xst_fifo_generator/gaxis_fifo.gaxisf.axisf/grf.rf/gntv_or_sync_fifo.mem/gbm.gbmg.gbmga.ngecc.bmg/gnativebmg.native_blk_mem_gen/valid.cstr/ramloop[0].ram.r/s6_noinit.ram/SDP.SIMPLE_PRIM18.ram (RAMB16_X1Y20.DIA26), 1 path
--------------------------------------------------------------------------------
Slack (hold path):      0.297ns (requirement - (clock path skew + uncertainty - data path))
  Source:               gen_rx[2].master_rx_channel0/data_out_29 (FF)
  Destination:          gen_rx[2].Data_FIFO/U0/xst_fifo_generator/gaxis_fifo.gaxisf.axisf/grf.rf/gntv_or_sync_fifo.mem/gbm.gbmg.gbmga.ngecc.bmg/gnativebmg.native_blk_mem_gen/valid.cstr/ramloop[0].ram.r/s6_noinit.ram/SDP.SIMPLE_PRIM18.ram (RAM)
  Requirement:          0.000ns
  Data Path Delay:      0.296ns (Levels of Logic = 0)
  Clock Path Skew:      -0.001ns (0.067 - 0.068)
  Source Clock:         clk_62M5 rising at 16.000ns
  Destination Clock:    clk_62M5 rising at 16.000ns
  Clock Uncertainty:    0.000ns

  Minimum Data Path at Fast Process Corner: gen_rx[2].master_rx_channel0/data_out_29 to gen_rx[2].Data_FIFO/U0/xst_fifo_generator/gaxis_fifo.gaxisf.axisf/grf.rf/gntv_or_sync_fifo.mem/gbm.gbmg.gbmga.ngecc.bmg/gnativebmg.native_blk_mem_gen/valid.cstr/ramloop[0].ram.r/s6_noinit.ram/SDP.SIMPLE_PRIM18.ram
    Location             Delay type         Delay(ns)  Physical Resource
                                                       Logical Resource(s)
    -------------------------------------------------  -------------------
    SLICE_X19Y43.BQ      Tcko                  0.198   gen_rx[2].master_rx_channel0/data_out<31>
                                                       gen_rx[2].master_rx_channel0/data_out_29
    RAMB16_X1Y20.DIA26   net (fanout=1)        0.151   gen_rx[2].master_rx_channel0/data_out<29>
    RAMB16_X1Y20.CLKA    Trckd_DIA   (-Th)     0.053   gen_rx[2].Data_FIFO/U0/xst_fifo_generator/gaxis_fifo.gaxisf.axisf/grf.rf/gntv_or_sync_fifo.mem/gbm.gbmg.gbmga.ngecc.bmg/gnativebmg.native_blk_mem_gen/valid.cstr/ramloop[0].ram.r/s6_noinit.ram/SDP.SIMPLE_PRIM18.ram
                                                       gen_rx[2].Data_FIFO/U0/xst_fifo_generator/gaxis_fifo.gaxisf.axisf/grf.rf/gntv_or_sync_fifo.mem/gbm.gbmg.gbmga.ngecc.bmg/gnativebmg.native_blk_mem_gen/valid.cstr/ramloop[0].ram.r/s6_noinit.ram/SDP.SIMPLE_PRIM18.ram
    -------------------------------------------------  ---------------------------
    Total                                      0.296ns (0.145ns logic, 0.151ns route)
                                                       (49.0% logic, 51.0% route)

--------------------------------------------------------------------------------

Paths for end point gen_rx[2].Data_FIFO/U0/xst_fifo_generator/gaxis_fifo.gaxisf.axisf/grf.rf/gntv_or_sync_fifo.mem/gbm.gbmg.gbmga.ngecc.bmg/gnativebmg.native_blk_mem_gen/valid.cstr/ramloop[0].ram.r/s6_noinit.ram/SDP.SIMPLE_PRIM18.ram (RAMB16_X1Y20.DIA27), 1 path
--------------------------------------------------------------------------------
Slack (hold path):      0.297ns (requirement - (clock path skew + uncertainty - data path))
  Source:               gen_rx[2].master_rx_channel0/data_out_30 (FF)
  Destination:          gen_rx[2].Data_FIFO/U0/xst_fifo_generator/gaxis_fifo.gaxisf.axisf/grf.rf/gntv_or_sync_fifo.mem/gbm.gbmg.gbmga.ngecc.bmg/gnativebmg.native_blk_mem_gen/valid.cstr/ramloop[0].ram.r/s6_noinit.ram/SDP.SIMPLE_PRIM18.ram (RAM)
  Requirement:          0.000ns
  Data Path Delay:      0.296ns (Levels of Logic = 0)
  Clock Path Skew:      -0.001ns (0.067 - 0.068)
  Source Clock:         clk_62M5 rising at 16.000ns
  Destination Clock:    clk_62M5 rising at 16.000ns
  Clock Uncertainty:    0.000ns

  Minimum Data Path at Fast Process Corner: gen_rx[2].master_rx_channel0/data_out_30 to gen_rx[2].Data_FIFO/U0/xst_fifo_generator/gaxis_fifo.gaxisf.axisf/grf.rf/gntv_or_sync_fifo.mem/gbm.gbmg.gbmga.ngecc.bmg/gnativebmg.native_blk_mem_gen/valid.cstr/ramloop[0].ram.r/s6_noinit.ram/SDP.SIMPLE_PRIM18.ram
    Location             Delay type         Delay(ns)  Physical Resource
                                                       Logical Resource(s)
    -------------------------------------------------  -------------------
    SLICE_X19Y43.CQ      Tcko                  0.198   gen_rx[2].master_rx_channel0/data_out<31>
                                                       gen_rx[2].master_rx_channel0/data_out_30
    RAMB16_X1Y20.DIA27   net (fanout=1)        0.151   gen_rx[2].master_rx_channel0/data_out<30>
    RAMB16_X1Y20.CLKA    Trckd_DIA   (-Th)     0.053   gen_rx[2].Data_FIFO/U0/xst_fifo_generator/gaxis_fifo.gaxisf.axisf/grf.rf/gntv_or_sync_fifo.mem/gbm.gbmg.gbmga.ngecc.bmg/gnativebmg.native_blk_mem_gen/valid.cstr/ramloop[0].ram.r/s6_noinit.ram/SDP.SIMPLE_PRIM18.ram
                                                       gen_rx[2].Data_FIFO/U0/xst_fifo_generator/gaxis_fifo.gaxisf.axisf/grf.rf/gntv_or_sync_fifo.mem/gbm.gbmg.gbmga.ngecc.bmg/gnativebmg.native_blk_mem_gen/valid.cstr/ramloop[0].ram.r/s6_noinit.ram/SDP.SIMPLE_PRIM18.ram
    -------------------------------------------------  ---------------------------
    Total                                      0.296ns (0.145ns logic, 0.151ns route)
                                                       (49.0% logic, 51.0% route)

--------------------------------------------------------------------------------

Paths for end point gen_rx[2].Data_FIFO/U0/xst_fifo_generator/gaxis_fifo.gaxisf.axisf/grf.rf/gntv_or_sync_fifo.mem/gbm.gbmg.gbmga.ngecc.bmg/gnativebmg.native_blk_mem_gen/valid.cstr/ramloop[0].ram.r/s6_noinit.ram/SDP.SIMPLE_PRIM18.ram (RAMB16_X1Y20.DIA28), 1 path
--------------------------------------------------------------------------------
Slack (hold path):      0.297ns (requirement - (clock path skew + uncertainty - data path))
  Source:               gen_rx[2].master_rx_channel0/data_out_31 (FF)
  Destination:          gen_rx[2].Data_FIFO/U0/xst_fifo_generator/gaxis_fifo.gaxisf.axisf/grf.rf/gntv_or_sync_fifo.mem/gbm.gbmg.gbmga.ngecc.bmg/gnativebmg.native_blk_mem_gen/valid.cstr/ramloop[0].ram.r/s6_noinit.ram/SDP.SIMPLE_PRIM18.ram (RAM)
  Requirement:          0.000ns
  Data Path Delay:      0.296ns (Levels of Logic = 0)
  Clock Path Skew:      -0.001ns (0.067 - 0.068)
  Source Clock:         clk_62M5 rising at 16.000ns
  Destination Clock:    clk_62M5 rising at 16.000ns
  Clock Uncertainty:    0.000ns

  Minimum Data Path at Fast Process Corner: gen_rx[2].master_rx_channel0/data_out_31 to gen_rx[2].Data_FIFO/U0/xst_fifo_generator/gaxis_fifo.gaxisf.axisf/grf.rf/gntv_or_sync_fifo.mem/gbm.gbmg.gbmga.ngecc.bmg/gnativebmg.native_blk_mem_gen/valid.cstr/ramloop[0].ram.r/s6_noinit.ram/SDP.SIMPLE_PRIM18.ram
    Location             Delay type         Delay(ns)  Physical Resource
                                                       Logical Resource(s)
    -------------------------------------------------  -------------------
    SLICE_X19Y43.DQ      Tcko                  0.198   gen_rx[2].master_rx_channel0/data_out<31>
                                                       gen_rx[2].master_rx_channel0/data_out_31
    RAMB16_X1Y20.DIA28   net (fanout=1)        0.151   gen_rx[2].master_rx_channel0/data_out<31>
    RAMB16_X1Y20.CLKA    Trckd_DIA   (-Th)     0.053   gen_rx[2].Data_FIFO/U0/xst_fifo_generator/gaxis_fifo.gaxisf.axisf/grf.rf/gntv_or_sync_fifo.mem/gbm.gbmg.gbmga.ngecc.bmg/gnativebmg.native_blk_mem_gen/valid.cstr/ramloop[0].ram.r/s6_noinit.ram/SDP.SIMPLE_PRIM18.ram
                                                       gen_rx[2].Data_FIFO/U0/xst_fifo_generator/gaxis_fifo.gaxisf.axisf/grf.rf/gntv_or_sync_fifo.mem/gbm.gbmg.gbmga.ngecc.bmg/gnativebmg.native_blk_mem_gen/valid.cstr/ramloop[0].ram.r/s6_noinit.ram/SDP.SIMPLE_PRIM18.ram
    -------------------------------------------------  ---------------------------
    Total                                      0.296ns (0.145ns logic, 0.151ns route)
                                                       (49.0% logic, 51.0% route)

--------------------------------------------------------------------------------

Component Switching Limit Checks: TS_clk_62M5_pll = PERIOD TIMEGRP "clk_62M5_pll" TS_clk_to_pll0 HIGH 50%;
--------------------------------------------------------------------------------
Slack: 12.430ns (period - min period limit)
  Period: 16.000ns
  Min period limit: 3.570ns (280.112MHz) (Trper_CLKA(Fmax))
  Physical resource: gen_rx[2].Data_FIFO/U0/xst_fifo_generator/gaxis_fifo.gaxisf.axisf/grf.rf/gntv_or_sync_fifo.mem/gbm.gbmg.gbmga.ngecc.bmg/gnativebmg.native_blk_mem_gen/valid.cstr/ramloop[2].ram.r/s6_noinit.ram/SDP.SIMPLE_PRIM18.ram/CLKA
  Logical resource: gen_rx[2].Data_FIFO/U0/xst_fifo_generator/gaxis_fifo.gaxisf.axisf/grf.rf/gntv_or_sync_fifo.mem/gbm.gbmg.gbmga.ngecc.bmg/gnativebmg.native_blk_mem_gen/valid.cstr/ramloop[2].ram.r/s6_noinit.ram/SDP.SIMPLE_PRIM18.ram/CLKA
  Location pin: RAMB16_X1Y16.CLKA
  Clock network: clk_62M5
--------------------------------------------------------------------------------
Slack: 12.430ns (period - min period limit)
  Period: 16.000ns
  Min period limit: 3.570ns (280.112MHz) (Trper_CLKA(Fmax))
  Physical resource: gen_rx[2].Data_FIFO/U0/xst_fifo_generator/gaxis_fifo.gaxisf.axisf/grf.rf/gntv_or_sync_fifo.mem/gbm.gbmg.gbmga.ngecc.bmg/gnativebmg.native_blk_mem_gen/valid.cstr/ramloop[1].ram.r/s6_noinit.ram/SDP.SIMPLE_PRIM18.ram/CLKA
  Logical resource: gen_rx[2].Data_FIFO/U0/xst_fifo_generator/gaxis_fifo.gaxisf.axisf/grf.rf/gntv_or_sync_fifo.mem/gbm.gbmg.gbmga.ngecc.bmg/gnativebmg.native_blk_mem_gen/valid.cstr/ramloop[1].ram.r/s6_noinit.ram/SDP.SIMPLE_PRIM18.ram/CLKA
  Location pin: RAMB16_X0Y16.CLKA
  Clock network: clk_62M5
--------------------------------------------------------------------------------
Slack: 12.430ns (period - min period limit)
  Period: 16.000ns
  Min period limit: 3.570ns (280.112MHz) (Trper_CLKA(Fmax))
  Physical resource: gen_rx[2].Data_FIFO/U0/xst_fifo_generator/gaxis_fifo.gaxisf.axisf/grf.rf/gntv_or_sync_fifo.mem/gbm.gbmg.gbmga.ngecc.bmg/gnativebmg.native_blk_mem_gen/valid.cstr/ramloop[0].ram.r/s6_noinit.ram/SDP.SIMPLE_PRIM18.ram/CLKA
  Logical resource: gen_rx[2].Data_FIFO/U0/xst_fifo_generator/gaxis_fifo.gaxisf.axisf/grf.rf/gntv_or_sync_fifo.mem/gbm.gbmg.gbmga.ngecc.bmg/gnativebmg.native_blk_mem_gen/valid.cstr/ramloop[0].ram.r/s6_noinit.ram/SDP.SIMPLE_PRIM18.ram/CLKA
  Location pin: RAMB16_X1Y20.CLKA
  Clock network: clk_62M5
--------------------------------------------------------------------------------

================================================================================
Timing constraint: TS_clk_250M_pll = PERIOD TIMEGRP "clk_250M_pll" 
TS_clk_to_pll0 * 4 HIGH 50%;
For more information, see Period Analysis in the Timing Closure User Guide (UG612).

 0 paths analyzed, 0 endpoints analyzed, 0 failing endpoints
 0 timing errors detected. (0 component switching limit errors)
 Minimum period is   2.666ns.
--------------------------------------------------------------------------------

Component Switching Limit Checks: TS_clk_250M_pll = PERIOD TIMEGRP "clk_250M_pll" TS_clk_to_pll0 * 4 HIGH 50%;
--------------------------------------------------------------------------------
Slack: 1.334ns (period - min period limit)
  Period: 4.000ns
  Min period limit: 2.666ns (375.094MHz) (Tbcper_I)
  Physical resource: BUFG_clk250M/I0
  Logical resource: BUFG_clk250M/I0
  Location pin: BUFGMUX_X2Y2.I0
  Clock network: clk_250M_pll
--------------------------------------------------------------------------------

================================================================================
Timing constraint: TS_clk_125M_pll = PERIOD TIMEGRP "clk_125M_pll" 
TS_clk_to_pll0 * 2 HIGH 50%;
For more information, see Period Analysis in the Timing Closure User Guide (UG612).

 461 paths analyzed, 210 endpoints analyzed, 0 failing endpoints
 0 timing errors detected. (0 setup errors, 0 hold errors, 0 component switching limit errors)
 Minimum period is   3.836ns.
--------------------------------------------------------------------------------

Paths for end point TIMER_0/Tim1s_8 (SLICE_X8Y32.CE), 2 paths
--------------------------------------------------------------------------------
Slack (setup path):     4.164ns (requirement - (data path - clock path skew + uncertainty))
  Source:               TIMER_0/Tim1ms_10 (FF)
  Destination:          TIMER_0/Tim1s_8 (FF)
  Requirement:          8.000ns
  Data Path Delay:      3.743ns (Levels of Logic = 1)
  Clock Path Skew:      0.014ns (0.629 - 0.615)
  Source Clock:         clk_125M rising at 0.000ns
  Destination Clock:    clk_125M rising at 8.000ns
  Clock Uncertainty:    0.107ns

  Clock Uncertainty:          0.107ns  ((TSJ^2 + DJ^2)^1/2) / 2 + PE
    Total System Jitter (TSJ):  0.070ns
    Discrete Jitter (DJ):       0.202ns
    Phase Error (PE):           0.000ns

  Maximum Data Path at Slow Process Corner: TIMER_0/Tim1ms_10 to TIMER_0/Tim1s_8
    Location             Delay type         Delay(ns)  Physical Resource
                                                       Logical Resource(s)
    -------------------------------------------------  -------------------
    SLICE_X16Y41.CQ      Tcko                  0.525   TIMER_0/Tim1ms<10>
                                                       TIMER_0/Tim1ms_10
    SLICE_X9Y30.B2       net (fanout=12)       1.894   TIMER_0/Tim1ms<10>
    SLICE_X9Y30.B        Tilo                  0.259   TIM_1MS_CrossDomain/FlagToggle_clkA
                                                       TIMER_0/usCry_Tim1ms[10]_AND_113_o1
    SLICE_X8Y32.CE       net (fanout=3)        0.752   TIMER_0/usCry_Tim1ms[10]_AND_113_o
    SLICE_X8Y32.CLK      Tceck                 0.313   TIMER_0/Tim1s<10>
                                                       TIMER_0/Tim1s_8
    -------------------------------------------------  ---------------------------
    Total                                      3.743ns (1.097ns logic, 2.646ns route)
                                                       (29.3% logic, 70.7% route)

--------------------------------------------------------------------------------
Slack (setup path):     4.291ns (requirement - (data path - clock path skew + uncertainty))
  Source:               TIMER_0/usCry,usTim_0 (FF)
  Destination:          TIMER_0/Tim1s_8 (FF)
  Requirement:          8.000ns
  Data Path Delay:      3.616ns (Levels of Logic = 1)
  Clock Path Skew:      0.014ns (0.629 - 0.615)
  Source Clock:         clk_125M rising at 0.000ns
  Destination Clock:    clk_125M rising at 8.000ns
  Clock Uncertainty:    0.107ns

  Clock Uncertainty:          0.107ns  ((TSJ^2 + DJ^2)^1/2) / 2 + PE
    Total System Jitter (TSJ):  0.070ns
    Discrete Jitter (DJ):       0.202ns
    Phase Error (PE):           0.000ns

  Maximum Data Path at Slow Process Corner: TIMER_0/usCry,usTim_0 to TIMER_0/Tim1s_8
    Location             Delay type         Delay(ns)  Physical Resource
                                                       Logical Resource(s)
    -------------------------------------------------  -------------------
    SLICE_X18Y41.CQ      Tcko                  0.476   TIMER_0/usCry,usTim<0>
                                                       TIMER_0/usCry,usTim_0
    SLICE_X9Y30.B4       net (fanout=15)       1.816   TIMER_0/usCry,usTim<0>
    SLICE_X9Y30.B        Tilo                  0.259   TIM_1MS_CrossDomain/FlagToggle_clkA
                                                       TIMER_0/usCry_Tim1ms[10]_AND_113_o1
    SLICE_X8Y32.CE       net (fanout=3)        0.752   TIMER_0/usCry_Tim1ms[10]_AND_113_o
    SLICE_X8Y32.CLK      Tceck                 0.313   TIMER_0/Tim1s<10>
                                                       TIMER_0/Tim1s_8
    -------------------------------------------------  ---------------------------
    Total                                      3.616ns (1.048ns logic, 2.568ns route)
                                                       (29.0% logic, 71.0% route)

--------------------------------------------------------------------------------

Paths for end point TIMER_0/Tim1s_10 (SLICE_X8Y32.CE), 2 paths
--------------------------------------------------------------------------------
Slack (setup path):     4.208ns (requirement - (data path - clock path skew + uncertainty))
  Source:               TIMER_0/Tim1ms_10 (FF)
  Destination:          TIMER_0/Tim1s_10 (FF)
  Requirement:          8.000ns
  Data Path Delay:      3.699ns (Levels of Logic = 1)
  Clock Path Skew:      0.014ns (0.629 - 0.615)
  Source Clock:         clk_125M rising at 0.000ns
  Destination Clock:    clk_125M rising at 8.000ns
  Clock Uncertainty:    0.107ns

  Clock Uncertainty:          0.107ns  ((TSJ^2 + DJ^2)^1/2) / 2 + PE
    Total System Jitter (TSJ):  0.070ns
    Discrete Jitter (DJ):       0.202ns
    Phase Error (PE):           0.000ns

  Maximum Data Path at Slow Process Corner: TIMER_0/Tim1ms_10 to TIMER_0/Tim1s_10
    Location             Delay type         Delay(ns)  Physical Resource
                                                       Logical Resource(s)
    -------------------------------------------------  -------------------
    SLICE_X16Y41.CQ      Tcko                  0.525   TIMER_0/Tim1ms<10>
                                                       TIMER_0/Tim1ms_10
    SLICE_X9Y30.B2       net (fanout=12)       1.894   TIMER_0/Tim1ms<10>
    SLICE_X9Y30.B        Tilo                  0.259   TIM_1MS_CrossDomain/FlagToggle_clkA
                                                       TIMER_0/usCry_Tim1ms[10]_AND_113_o1
    SLICE_X8Y32.CE       net (fanout=3)        0.752   TIMER_0/usCry_Tim1ms[10]_AND_113_o
    SLICE_X8Y32.CLK      Tceck                 0.269   TIMER_0/Tim1s<10>
                                                       TIMER_0/Tim1s_10
    -------------------------------------------------  ---------------------------
    Total                                      3.699ns (1.053ns logic, 2.646ns route)
                                                       (28.5% logic, 71.5% route)

--------------------------------------------------------------------------------
Slack (setup path):     4.335ns (requirement - (data path - clock path skew + uncertainty))
  Source:               TIMER_0/usCry,usTim_0 (FF)
  Destination:          TIMER_0/Tim1s_10 (FF)
  Requirement:          8.000ns
  Data Path Delay:      3.572ns (Levels of Logic = 1)
  Clock Path Skew:      0.014ns (0.629 - 0.615)
  Source Clock:         clk_125M rising at 0.000ns
  Destination Clock:    clk_125M rising at 8.000ns
  Clock Uncertainty:    0.107ns

  Clock Uncertainty:          0.107ns  ((TSJ^2 + DJ^2)^1/2) / 2 + PE
    Total System Jitter (TSJ):  0.070ns
    Discrete Jitter (DJ):       0.202ns
    Phase Error (PE):           0.000ns

  Maximum Data Path at Slow Process Corner: TIMER_0/usCry,usTim_0 to TIMER_0/Tim1s_10
    Location             Delay type         Delay(ns)  Physical Resource
                                                       Logical Resource(s)
    -------------------------------------------------  -------------------
    SLICE_X18Y41.CQ      Tcko                  0.476   TIMER_0/usCry,usTim<0>
                                                       TIMER_0/usCry,usTim_0
    SLICE_X9Y30.B4       net (fanout=15)       1.816   TIMER_0/usCry,usTim<0>
    SLICE_X9Y30.B        Tilo                  0.259   TIM_1MS_CrossDomain/FlagToggle_clkA
                                                       TIMER_0/usCry_Tim1ms[10]_AND_113_o1
    SLICE_X8Y32.CE       net (fanout=3)        0.752   TIMER_0/usCry_Tim1ms[10]_AND_113_o
    SLICE_X8Y32.CLK      Tceck                 0.269   TIMER_0/Tim1s<10>
                                                       TIMER_0/Tim1s_10
    -------------------------------------------------  ---------------------------
    Total                                      3.572ns (1.004ns logic, 2.568ns route)
                                                       (28.1% logic, 71.9% route)

--------------------------------------------------------------------------------

Paths for end point TIMER_0/Tim1s_9 (SLICE_X8Y32.CE), 2 paths
--------------------------------------------------------------------------------
Slack (setup path):     4.224ns (requirement - (data path - clock path skew + uncertainty))
  Source:               TIMER_0/Tim1ms_10 (FF)
  Destination:          TIMER_0/Tim1s_9 (FF)
  Requirement:          8.000ns
  Data Path Delay:      3.683ns (Levels of Logic = 1)
  Clock Path Skew:      0.014ns (0.629 - 0.615)
  Source Clock:         clk_125M rising at 0.000ns
  Destination Clock:    clk_125M rising at 8.000ns
  Clock Uncertainty:    0.107ns

  Clock Uncertainty:          0.107ns  ((TSJ^2 + DJ^2)^1/2) / 2 + PE
    Total System Jitter (TSJ):  0.070ns
    Discrete Jitter (DJ):       0.202ns
    Phase Error (PE):           0.000ns

  Maximum Data Path at Slow Process Corner: TIMER_0/Tim1ms_10 to TIMER_0/Tim1s_9
    Location             Delay type         Delay(ns)  Physical Resource
                                                       Logical Resource(s)
    -------------------------------------------------  -------------------
    SLICE_X16Y41.CQ      Tcko                  0.525   TIMER_0/Tim1ms<10>
                                                       TIMER_0/Tim1ms_10
    SLICE_X9Y30.B2       net (fanout=12)       1.894   TIMER_0/Tim1ms<10>
    SLICE_X9Y30.B        Tilo                  0.259   TIM_1MS_CrossDomain/FlagToggle_clkA
                                                       TIMER_0/usCry_Tim1ms[10]_AND_113_o1
    SLICE_X8Y32.CE       net (fanout=3)        0.752   TIMER_0/usCry_Tim1ms[10]_AND_113_o
    SLICE_X8Y32.CLK      Tceck                 0.253   TIMER_0/Tim1s<10>
                                                       TIMER_0/Tim1s_9
    -------------------------------------------------  ---------------------------
    Total                                      3.683ns (1.037ns logic, 2.646ns route)
                                                       (28.2% logic, 71.8% route)

--------------------------------------------------------------------------------
Slack (setup path):     4.351ns (requirement - (data path - clock path skew + uncertainty))
  Source:               TIMER_0/usCry,usTim_0 (FF)
  Destination:          TIMER_0/Tim1s_9 (FF)
  Requirement:          8.000ns
  Data Path Delay:      3.556ns (Levels of Logic = 1)
  Clock Path Skew:      0.014ns (0.629 - 0.615)
  Source Clock:         clk_125M rising at 0.000ns
  Destination Clock:    clk_125M rising at 8.000ns
  Clock Uncertainty:    0.107ns

  Clock Uncertainty:          0.107ns  ((TSJ^2 + DJ^2)^1/2) / 2 + PE
    Total System Jitter (TSJ):  0.070ns
    Discrete Jitter (DJ):       0.202ns
    Phase Error (PE):           0.000ns

  Maximum Data Path at Slow Process Corner: TIMER_0/usCry,usTim_0 to TIMER_0/Tim1s_9
    Location             Delay type         Delay(ns)  Physical Resource
                                                       Logical Resource(s)
    -------------------------------------------------  -------------------
    SLICE_X18Y41.CQ      Tcko                  0.476   TIMER_0/usCry,usTim<0>
                                                       TIMER_0/usCry,usTim_0
    SLICE_X9Y30.B4       net (fanout=15)       1.816   TIMER_0/usCry,usTim<0>
    SLICE_X9Y30.B        Tilo                  0.259   TIM_1MS_CrossDomain/FlagToggle_clkA
                                                       TIMER_0/usCry_Tim1ms[10]_AND_113_o1
    SLICE_X8Y32.CE       net (fanout=3)        0.752   TIMER_0/usCry_Tim1ms[10]_AND_113_o
    SLICE_X8Y32.CLK      Tceck                 0.253   TIMER_0/Tim1s<10>
                                                       TIMER_0/Tim1s_9
    -------------------------------------------------  ---------------------------
    Total                                      3.556ns (0.988ns logic, 2.568ns route)
                                                       (27.8% logic, 72.2% route)

--------------------------------------------------------------------------------

Hold Paths: TS_clk_125M_pll = PERIOD TIMEGRP "clk_125M_pll" TS_clk_to_pll0 * 2 HIGH 50%;
--------------------------------------------------------------------------------

Paths for end point TIMER_0/Tim1ms_7 (SLICE_X16Y40.CE), 1 path
--------------------------------------------------------------------------------
Slack (hold path):      0.361ns (requirement - (clock path skew + uncertainty - data path))
  Source:               TIMER_0/usCry,usTim_0 (FF)
  Destination:          TIMER_0/Tim1ms_7 (FF)
  Requirement:          0.000ns
  Data Path Delay:      0.363ns (Levels of Logic = 0)
  Clock Path Skew:      0.002ns (0.065 - 0.063)
  Source Clock:         clk_125M rising at 8.000ns
  Destination Clock:    clk_125M rising at 8.000ns
  Clock Uncertainty:    0.000ns

  Minimum Data Path at Fast Process Corner: TIMER_0/usCry,usTim_0 to TIMER_0/Tim1ms_7
    Location             Delay type         Delay(ns)  Physical Resource
                                                       Logical Resource(s)
    -------------------------------------------------  -------------------
    SLICE_X18Y41.CQ      Tcko                  0.200   TIMER_0/usCry,usTim<0>
                                                       TIMER_0/usCry,usTim_0
    SLICE_X16Y40.CE      net (fanout=15)       0.271   TIMER_0/usCry,usTim<0>
    SLICE_X16Y40.CLK     Tckce       (-Th)     0.108   TIMER_0/Tim1ms<7>
                                                       TIMER_0/Tim1ms_7
    -------------------------------------------------  ---------------------------
    Total                                      0.363ns (0.092ns logic, 0.271ns route)
                                                       (25.3% logic, 74.7% route)

--------------------------------------------------------------------------------

Paths for end point TIMER_0/Tim1ms_6 (SLICE_X16Y40.CE), 1 path
--------------------------------------------------------------------------------
Slack (hold path):      0.365ns (requirement - (clock path skew + uncertainty - data path))
  Source:               TIMER_0/usCry,usTim_0 (FF)
  Destination:          TIMER_0/Tim1ms_6 (FF)
  Requirement:          0.000ns
  Data Path Delay:      0.367ns (Levels of Logic = 0)
  Clock Path Skew:      0.002ns (0.065 - 0.063)
  Source Clock:         clk_125M rising at 8.000ns
  Destination Clock:    clk_125M rising at 8.000ns
  Clock Uncertainty:    0.000ns

  Minimum Data Path at Fast Process Corner: TIMER_0/usCry,usTim_0 to TIMER_0/Tim1ms_6
    Location             Delay type         Delay(ns)  Physical Resource
                                                       Logical Resource(s)
    -------------------------------------------------  -------------------
    SLICE_X18Y41.CQ      Tcko                  0.200   TIMER_0/usCry,usTim<0>
                                                       TIMER_0/usCry,usTim_0
    SLICE_X16Y40.CE      net (fanout=15)       0.271   TIMER_0/usCry,usTim<0>
    SLICE_X16Y40.CLK     Tckce       (-Th)     0.104   TIMER_0/Tim1ms<7>
                                                       TIMER_0/Tim1ms_6
    -------------------------------------------------  ---------------------------
    Total                                      0.367ns (0.096ns logic, 0.271ns route)
                                                       (26.2% logic, 73.8% route)

--------------------------------------------------------------------------------

Paths for end point TIMER_0/Tim1ms_5 (SLICE_X16Y40.CE), 1 path
--------------------------------------------------------------------------------
Slack (hold path):      0.367ns (requirement - (clock path skew + uncertainty - data path))
  Source:               TIMER_0/usCry,usTim_0 (FF)
  Destination:          TIMER_0/Tim1ms_5 (FF)
  Requirement:          0.000ns
  Data Path Delay:      0.369ns (Levels of Logic = 0)
  Clock Path Skew:      0.002ns (0.065 - 0.063)
  Source Clock:         clk_125M rising at 8.000ns
  Destination Clock:    clk_125M rising at 8.000ns
  Clock Uncertainty:    0.000ns

  Minimum Data Path at Fast Process Corner: TIMER_0/usCry,usTim_0 to TIMER_0/Tim1ms_5
    Location             Delay type         Delay(ns)  Physical Resource
                                                       Logical Resource(s)
    -------------------------------------------------  -------------------
    SLICE_X18Y41.CQ      Tcko                  0.200   TIMER_0/usCry,usTim<0>
                                                       TIMER_0/usCry,usTim_0
    SLICE_X16Y40.CE      net (fanout=15)       0.271   TIMER_0/usCry,usTim<0>
    SLICE_X16Y40.CLK     Tckce       (-Th)     0.102   TIMER_0/Tim1ms<7>
                                                       TIMER_0/Tim1ms_5
    -------------------------------------------------  ---------------------------
    Total                                      0.369ns (0.098ns logic, 0.271ns route)
                                                       (26.6% logic, 73.4% route)

--------------------------------------------------------------------------------

Component Switching Limit Checks: TS_clk_125M_pll = PERIOD TIMEGRP "clk_125M_pll" TS_clk_to_pll0 * 2 HIGH 50%;
--------------------------------------------------------------------------------
Slack: 5.334ns (period - min period limit)
  Period: 8.000ns
  Min period limit: 2.666ns (375.094MHz) (Tbcper_I)
  Physical resource: BUFG_clk125M/I0
  Logical resource: BUFG_clk125M/I0
  Location pin: BUFGMUX_X2Y12.I0
  Clock network: clk_125M_pll
--------------------------------------------------------------------------------
Slack: 7.520ns (period - min period limit)
  Period: 8.000ns
  Min period limit: 0.480ns (2083.333MHz) (Tcp)
  Physical resource: TIMER_0/Tim1s<3>/CLK
  Logical resource: TIMER_0/Tim1s_0/CK
  Location pin: SLICE_X8Y30.CLK
  Clock network: clk_125M
--------------------------------------------------------------------------------
Slack: 7.520ns (period - min period limit)
  Period: 8.000ns
  Min period limit: 0.480ns (2083.333MHz) (Tcp)
  Physical resource: TIMER_0/Tim1s<3>/CLK
  Logical resource: TIMER_0/Tim1s_1/CK
  Location pin: SLICE_X8Y30.CLK
  Clock network: clk_125M
--------------------------------------------------------------------------------


Derived Constraint Report
Derived Constraints for TS_WR_CLK_IN_P
+-------------------------------+-------------+-------------+-------------+-------------+-------------+-------------+-------------+
|                               |   Period    |       Actual Period       |      Timing Errors        |      Paths Analyzed       |
|           Constraint          | Requirement |-------------+-------------|-------------+-------------|-------------+-------------|
|                               |             |   Direct    | Derivative  |   Direct    | Derivative  |   Direct    | Derivative  |
+-------------------------------+-------------+-------------+-------------+-------------+-------------+-------------+-------------+
|TS_WR_CLK_IN_P                 |     16.000ns|      9.810ns|     23.404ns|            0|           45|        57146|       113331|
| TS_clk_to_pll0                |     16.000ns|      5.000ns|     23.404ns|            0|           45|            0|       113331|
|  TS_clk_62M5_pll              |     16.000ns|     23.404ns|          N/A|           45|            0|       112870|            0|
|  TS_clk_250M_pll              |      4.000ns|      2.666ns|          N/A|            0|            0|            0|            0|
|  TS_clk_125M_pll              |      8.000ns|      3.836ns|          N/A|            0|            0|          461|            0|
+-------------------------------+-------------+-------------+-------------+-------------+-------------+-------------+-------------+

1 constraint not met.


Data Sheet report:
-----------------
All values displayed in nanoseconds (ns)

Clock to Setup on destination clock WR_CLK_IN_N
---------------+---------+---------+---------+---------+
               | Src:Rise| Src:Fall| Src:Rise| Src:Fall|
Source Clock   |Dest:Rise|Dest:Rise|Dest:Fall|Dest:Fall|
---------------+---------+---------+---------+---------+
WR_CLK_IN_N    |    9.188|         |    3.789|         |
WR_CLK_IN_P    |    9.188|         |    3.789|         |
---------------+---------+---------+---------+---------+

Clock to Setup on destination clock WR_CLK_IN_P
---------------+---------+---------+---------+---------+
               | Src:Rise| Src:Fall| Src:Rise| Src:Fall|
Source Clock   |Dest:Rise|Dest:Rise|Dest:Fall|Dest:Fall|
---------------+---------+---------+---------+---------+
WR_CLK_IN_N    |    9.188|         |    3.789|         |
WR_CLK_IN_P    |    9.188|         |    3.789|         |
---------------+---------+---------+---------+---------+


Timing summary:
---------------

Timing errors: 45  Score: 41521  (Setup/Max: 41521, Hold: 0)

Constraints cover 170477 paths, 0 nets, and 22464 connections

Design statistics:
   Minimum period:  23.404ns{1}   (Maximum frequency:  42.728MHz)


------------------------------------Footnotes-----------------------------------
1)  The minimum period statistic assumes all single cycle delays.

Analysis completed Mon Mar 16 08:52:31 2026 
--------------------------------------------------------------------------------

Trace Settings:
-------------------------
Trace Settings 

Peak Memory Usage: 487 MB



